[01m[K/home/joaquin/catkin_ws/src/second/src/image_converter.cpp:[m[K In member function â€˜[01m[Kvoid ImageConverter::imageCb(const ImageConstPtr&)[m[Kâ€™:
[01m[K/home/joaquin/catkin_ws/src/second/src/image_converter.cpp:72:24:[m[K [01;31m[Kerror: [m[Kno matching function for call to â€˜[01m[Kimage_transport::Publisher::publish(std_msgs::Float32MultiArray&)[m[Kâ€™
     t_pub.publish(array);
[01;32m[K                        ^[m[K
In file included from [01m[K/opt/ros/kinetic/include/image_transport/image_transport.h:38:0[m[K,
                 from [01m[K/home/joaquin/catkin_ws/src/second/src/image_converter.cpp:2[m[K:
[01m[K/opt/ros/kinetic/include/image_transport/publisher.h:84:8:[m[K [01;36m[Knote: [m[Kcandidate: void image_transport::Publisher::publish(const Image&) const
   void publish(const sensor_msgs::Image& message) const;
[01;32m[K        ^[m[K
[01m[K/opt/ros/kinetic/include/image_transport/publisher.h:84:8:[m[K [01;36m[Knote: [m[K  no known conversion for argument 1 from â€˜[01m[Kstd_msgs::Float32MultiArray {aka std_msgs::Float32MultiArray_<std::allocator<void> >}[m[Kâ€™ to â€˜[01m[Kconst Image& {aka const sensor_msgs::Image_<std::allocator<void> >&}[m[Kâ€™
[01m[K/opt/ros/kinetic/include/image_transport/publisher.h:89:8:[m[K [01;36m[Knote: [m[Kcandidate: void image_transport::Publisher::publish(const ImageConstPtr&) const
   void publish(const sensor_msgs::ImageConstPtr& message) const;
[01;32m[K        ^[m[K
[01m[K/opt/ros/kinetic/include/image_transport/publisher.h:89:8:[m[K [01;36m[Knote: [m[K  no known conversion for argument 1 from â€˜[01m[Kstd_msgs::Float32MultiArray {aka std_msgs::Float32MultiArray_<std::allocator<void> >}[m[Kâ€™ to â€˜[01m[Kconst ImageConstPtr& {aka const boost::shared_ptr<const sensor_msgs::Image_<std::allocator<void> > >&}[m[Kâ€™
[01m[K/home/joaquin/catkin_ws/src/second/src/image_converter.cpp:[m[K In function â€˜[01m[Kint main(int, char**)[m[Kâ€™:
[01m[K/home/joaquin/catkin_ws/src/second/src/image_converter.cpp:79:26:[m[K [01;31m[Kerror: [m[Kâ€˜[01m[Knh_[m[Kâ€™ was not declared in this scope
   ros::Publisher t_pub = nh_.advertise<std_msgs::Float32MultiArray>("array", 100);
[01;32m[K                          ^[m[K
[01m[K/home/joaquin/catkin_ws/src/second/src/image_converter.cpp:79:67:[m[K [01;31m[Kerror: [m[Kexpected primary-expression before â€˜[01m[K>[m[Kâ€™ token
   ros::Publisher t_pub = nh_.advertise<std_msgs::Float32MultiArray>("array", 100);
[01;32m[K                                                                   ^[m[K
make[2]: *** [CMakeFiles/image_converter.dir/src/image_converter.cpp.o] Error 1
make[1]: *** [CMakeFiles/image_converter.dir/all] Error 2
make: *** [all] Error 2
