[01m[K/home/joaquin/catkin_ws/src/second/src/node0.cpp:[m[K In function â€˜[01m[Kvoid t_callback(const ConstPtr&)[m[Kâ€™:
[01m[K/home/joaquin/catkin_ws/src/second/src/node0.cpp:25:22:[m[K [01;31m[Kerror: [m[Kinvalid operands of types â€˜[01m[Kboost::detail::sp_array_access<const std_msgs::Float32MultiArray_<std::allocator<void> > >::type {aka void}[m[Kâ€™ and â€˜[01m[Kint[m[Kâ€™ to binary â€˜[01m[Koperator>[m[Kâ€™
     if (arr_msg[0] > 0) {
[01;32m[K                      ^[m[K
[01m[K/home/joaquin/catkin_ws/src/second/src/node0.cpp:26:9:[m[K [01;31m[Kerror: [m[Kâ€˜[01m[Kpose[m[Kâ€™ was not declared in this scope
         pose.pose.velocity.x = 
[01;32m[K         ^[m[K
[01m[K/home/joaquin/catkin_ws/src/second/src/node0.cpp:27:5:[m[K [01;31m[Kerror: [m[Kexpected primary-expression before â€˜[01m[K}[m[Kâ€™ token
     }
[01;32m[K     ^[m[K
make[2]: *** [CMakeFiles/node0.dir/src/node0.cpp.o] Error 1
make[1]: *** [CMakeFiles/node0.dir/all] Error 2
make: *** [all] Error 2
