[  0%] Built target geometry_msgs_generate_messages_cpp
[  0%] Built target rosgraph_msgs_generate_messages_py
[  0%] Built target rosgraph_msgs_generate_messages_eus
[  0%] Built target rosgraph_msgs_generate_messages_lisp
[  0%] Built target roscpp_generate_messages_eus
[  0%] Built target roscpp_generate_messages_lisp
[  0%] Built target std_msgs_generate_messages_eus
[  0%] Built target geometry_msgs_generate_messages_nodejs
[  0%] Built target rosgraph_msgs_generate_messages_cpp
[  0%] Built target std_msgs_generate_messages_lisp
[  0%] Built target geometry_msgs_generate_messages_lisp
[  0%] Built target roscpp_generate_messages_cpp
[  0%] Built target sensor_msgs_generate_messages_nodejs
[  0%] Built target std_msgs_generate_messages_nodejs
[  0%] Built target geometry_msgs_generate_messages_py
[  0%] Built target rosgraph_msgs_generate_messages_nodejs
[  0%] Built target sensor_msgs_generate_messages_cpp
[  0%] Built target std_msgs_generate_messages_cpp
[  0%] Built target sensor_msgs_generate_messages_eus
[  0%] Built target sensor_msgs_generate_messages_lisp
[  0%] Built target roscpp_generate_messages_nodejs
[  0%] Built target sensor_msgs_generate_messages_py
[  0%] Built target geometry_msgs_generate_messages_eus
[  0%] Built target roscpp_generate_messages_py
[  0%] Built target std_msgs_generate_messages_py
[35m[1mScanning dependencies of target node0[0m
[  4%] [32mBuilding CXX object CMakeFiles/node0.dir/src/node0.cpp.o[0m
[ 12%] Built target cv_node2
[ 20%] Built target mavros1
[ 29%] Built target cv_node
[ 37%] Built target cv_node3
[ 45%] Built target image_converter3
[ 54%] Built target image_aruco_test
[35m[1mScanning dependencies of target image_converter4[0m
[ 62%] Built target controller
[ 70%] Built target test_control
[ 75%] [32mBuilding CXX object CMakeFiles/image_converter4.dir/src/image_converter4.cpp.o[0m
[ 83%] Built target velocity_test
[ 91%] Built target image_aruco_test2
[01m[K/home/joaquin/catkin_ws/src/second/src/image_converter4.cpp:[m[K In member function â€˜[01m[Kvoid ImageConverter::imageCb(const ImageConstPtr&)[m[Kâ€™:
[01m[K/home/joaquin/catkin_ws/src/second/src/image_converter4.cpp:98:7:[m[K [01;31m[Kerror: [m[Kexpected primary-expression before â€˜[01m[Kfor[m[Kâ€™
       for (int i = 0; i < 3; i++) {
[01;32m[K       ^[m[K
[01m[K/home/joaquin/catkin_ws/src/second/src/image_converter4.cpp:98:23:[m[K [01;31m[Kerror: [m[Kâ€˜[01m[Ki[m[Kâ€™ was not declared in this scope
       for (int i = 0; i < 3; i++) {
[01;32m[K                       ^[m[K
[01m[K/home/joaquin/catkin_ws/src/second/src/image_converter4.cpp:105:11:[m[K [01;31m[Kerror: [m[Kredeclaration of â€˜[01m[Kcv::Mat t_mat[m[Kâ€™
       Mat t_mat = (Mat1f(3,1) << 0.0, 0.0, 0.0);
[01;32m[K           ^[m[K
[01m[K/home/joaquin/catkin_ws/src/second/src/image_converter4.cpp:95:11:[m[K [01;36m[Knote: [m[Kâ€˜[01m[Kcv::Mat t_mat[m[Kâ€™ previously declared here
       Mat t_mat = (Mat1f(3,1) << tvec[0], tvec[1], tvec[2]);
[01;32m[K           ^[m[K
[ 95%] [32m[1mLinking CXX executable /home/joaquin/catkin_ws/devel/.private/second/lib/second/node0[0m
CMakeFiles/image_converter4.dir/build.make:62: recipe for target 'CMakeFiles/image_converter4.dir/src/image_converter4.cpp.o' failed
make[2]: *** [CMakeFiles/image_converter4.dir/src/image_converter4.cpp.o] Error 1
CMakeFiles/Makefile2:1507: recipe for target 'CMakeFiles/image_converter4.dir/all' failed
make[1]: *** [CMakeFiles/image_converter4.dir/all] Error 2
make[1]: *** Waiting for unfinished jobs....
[ 95%] Built target node0
Makefile:138: recipe for target 'all' failed
make: *** [all] Error 2
