[01m[K/home/joaquin/catkin_ws/src/second/src/image_converter3.cpp:[m[K In constructor â€˜[01m[KImageConverter::ImageConverter()[m[Kâ€™:
[01m[K/home/joaquin/catkin_ws/src/second/src/image_converter3.cpp:42:5:[m[K [01;31m[Kerror: [m[Kâ€˜[01m[KMarkerDetector[m[Kâ€™ is not a member of â€˜[01m[Kcv::aruco[m[Kâ€™
     aruco::MarkerDetector Detector;
[01;32m[K     ^[m[K
make[2]: *** [CMakeFiles/image_converter3.dir/src/image_converter3.cpp.o] Error 1
make[1]: *** [CMakeFiles/image_converter3.dir/all] Error 2
make: *** [all] Error 2
