[01m[K/home/joaquin/catkin_ws/src/second/src/velocity_test.cpp:[m[K In function â€˜[01m[Kint main(int, char**)[m[Kâ€™:
[01m[K/home/joaquin/catkin_ws/src/second/src/velocity_test.cpp:44:3:[m[K [01;31m[Kerror: [m[Kâ€˜[01m[Kv[m[Kâ€™ was not declared in this scope
   v.update();
[01;32m[K   ^[m[K
make[2]: *** [CMakeFiles/velocity_test.dir/src/velocity_test.cpp.o] Error 1
make[1]: *** [CMakeFiles/velocity_test.dir/all] Error 2
make: *** [all] Error 2
