[01m[K/home/joaquin/catkin_ws/src/second/src/image_aruco_test.cpp:[m[K In member function â€˜[01m[Kvoid ImageConverter::imageCb(const ImageConstPtr&)[m[Kâ€™:
[01m[K/home/joaquin/catkin_ws/src/second/src/image_aruco_test.cpp:61:59:[m[K [01;31m[Kerror: [m[Kâ€˜[01m[KcameraMatrix[m[Kâ€™ was not declared in this scope
     aruco::estimatePoseSingleMarkers(markerCorners, 0.05, cameraMatrix, distCoeffs, rvecs, tvecs);
[01;32m[K                                                           ^[m[K
[01m[K/home/joaquin/catkin_ws/src/second/src/image_aruco_test.cpp:61:73:[m[K [01;31m[Kerror: [m[Kâ€˜[01m[KdistCoeffs[m[Kâ€™ was not declared in this scope
     aruco::estimatePoseSingleMarkers(markerCorners, 0.05, cameraMatrix, distCoeffs, rvecs, tvecs);
[01;32m[K                                                                         ^[m[K
make[2]: *** [CMakeFiles/image_aruco_test.dir/src/image_aruco_test.cpp.o] Error 1
make[1]: *** [CMakeFiles/image_aruco_test.dir/all] Error 2
make[1]: *** Waiting for unfinished jobs....
make: *** [all] Error 2
