[01m[K/home/joaquin/catkin_ws/src/second/src/controller.cpp:[m[K In member function â€˜[01m[Kvoid Controller::t_callback(const ConstPtr&)[m[Kâ€™:
[01m[K/home/joaquin/catkin_ws/src/second/src/controller.cpp:26:6:[m[K [01;31m[Kerror: [m[Kâ€˜[01m[Kmsg_vel[m[Kâ€™ was not declared in this scope
      msg_vel.twist.linear.x = 1;
[01;32m[K      ^[m[K
make[2]: *** [CMakeFiles/controller.dir/src/controller.cpp.o] Error 1
make[1]: *** [CMakeFiles/controller.dir/all] Error 2
make: *** [all] Error 2
