[01m[K/home/joaquin/catkin_ws/src/second/src/node0.cpp:[m[K In function â€˜[01m[Kvoid t_callback(const ConstPtr&)[m[Kâ€™:
[01m[K/home/joaquin/catkin_ws/src/second/src/node0.cpp:24:22:[m[K [01;31m[Kerror: [m[Kinvalid operands of types â€˜[01m[Kboost::detail::sp_array_access<const std_msgs::Float32MultiArray_<std::allocator<void> > >::type {aka void}[m[Kâ€™ and â€˜[01m[Kint[m[Kâ€™ to binary â€˜[01m[Koperator>[m[Kâ€™
     if (arr_msg[0] > 0) {
[01;32m[K                      ^[m[K
[01m[K/home/joaquin/catkin_ws/src/second/src/node0.cpp:25:9:[m[K [01;31m[Kerror: [m[Kâ€˜[01m[Kpose[m[Kâ€™ was not declared in this scope
         pose.pose.velocity.x = 
[01;32m[K         ^[m[K
[01m[K/home/joaquin/catkin_ws/src/second/src/node0.cpp:26:5:[m[K [01;31m[Kerror: [m[Kexpected primary-expression before â€˜[01m[K}[m[Kâ€™ token
     }
[01;32m[K     ^[m[K
[01m[K/home/joaquin/catkin_ws/src/second/src/node0.cpp:[m[K In function â€˜[01m[Kint main(int, char**)[m[Kâ€™:
[01m[K/home/joaquin/catkin_ws/src/second/src/node0.cpp:44:43:[m[K [01;31m[Kerror: [m[Kâ€˜[01m[KTwistStamped[m[Kâ€™ is not a member of â€˜[01m[Kgeometry_msgs[m[Kâ€™
     ros::Publisher vel_pub = nh.advertise<geometry_msgs::TwistStamped>("mavros/setpoint_attitude/cmd_vel",100);
[01;32m[K                                           ^[m[K
[01m[K/home/joaquin/catkin_ws/src/second/src/node0.cpp:44:43:[m[K [01;31m[Kerror: [m[Kâ€˜[01m[KTwistStamped[m[Kâ€™ is not a member of â€˜[01m[Kgeometry_msgs[m[Kâ€™
[01m[K/home/joaquin/catkin_ws/src/second/src/node0.cpp:44:110:[m[K [01;31m[Kerror: [m[Kno matching function for call to â€˜[01m[Kros::NodeHandle::advertise(const char [33], int)[m[Kâ€™
     ros::Publisher vel_pub = nh.advertise<geometry_msgs::TwistStamped>("mavros/setpoint_attitude/cmd_vel",100);
[01;32m[K                                                                                                              ^[m[K
In file included from [01m[K/opt/ros/kinetic/include/ros/ros.h:45:0[m[K,
                 from [01m[K/home/joaquin/catkin_ws/src/second/src/node0.cpp:7[m[K:
[01m[K/opt/ros/kinetic/include/ros/node_handle.h:248:15:[m[K [01;36m[Knote: [m[Kcandidate: template<class M> ros::Publisher ros::NodeHandle::advertise(const string&, uint32_t, bool)
     Publisher advertise(const std::string& topic, uint32_t queue_size, bool latch = false)
[01;32m[K               ^[m[K
[01m[K/opt/ros/kinetic/include/ros/node_handle.h:248:15:[m[K [01;36m[Knote: [m[K  template argument deduction/substitution failed:
[01m[K/home/joaquin/catkin_ws/src/second/src/node0.cpp:44:110:[m[K [01;31m[Kerror: [m[Ktemplate argument 1 is invalid
     ros::Publisher vel_pub = nh.advertise<geometry_msgs::TwistStamped>("mavros/setpoint_attitude/cmd_vel",100);
[01;32m[K                                                                                                              ^[m[K
In file included from [01m[K/opt/ros/kinetic/include/ros/ros.h:45:0[m[K,
                 from [01m[K/home/joaquin/catkin_ws/src/second/src/node0.cpp:7[m[K:
[01m[K/opt/ros/kinetic/include/ros/node_handle.h:314:13:[m[K [01;36m[Knote: [m[Kcandidate: template<class M> ros::Publisher ros::NodeHandle::advertise(const string&, uint32_t, const SubscriberStatusCallback&, const SubscriberStatusCallback&, const VoidConstPtr&, bool)
   Publisher advertise(const std::string& topic, uint32_t queue_size,
[01;32m[K             ^[m[K
[01m[K/opt/ros/kinetic/include/ros/node_handle.h:314:13:[m[K [01;36m[Knote: [m[K  template argument deduction/substitution failed:
[01m[K/home/joaquin/catkin_ws/src/second/src/node0.cpp:44:110:[m[K [01;31m[Kerror: [m[Ktemplate argument 1 is invalid
     ros::Publisher vel_pub = nh.advertise<geometry_msgs::TwistStamped>("mavros/setpoint_attitude/cmd_vel",100);
[01;32m[K                                                                                                              ^[m[K
[01m[K/home/joaquin/catkin_ws/src/second/src/node0.cpp:67:5:[m[K [01;31m[Kerror: [m[Kâ€˜[01m[KTwistStamped[m[Kâ€™ is not a member of â€˜[01m[Kgeometry_msgs[m[Kâ€™
     geometry_msgs::TwistStamped msg_vel;
[01;32m[K     ^[m[K
[01m[K/home/joaquin/catkin_ws/src/second/src/node0.cpp:97:25:[m[K [01;31m[Kerror: [m[Kâ€˜[01m[Kmsg_vel[m[Kâ€™ was not declared in this scope
         vel_pub.publish(msg_vel);
[01;32m[K                         ^[m[K
make[2]: *** [CMakeFiles/node0.dir/src/node0.cpp.o] Error 1
make[1]: *** [CMakeFiles/node0.dir/all] Error 2
make: *** [all] Error 2
