[  0%] Built target rosgraph_msgs_generate_messages_lisp
[  0%] Built target rosgraph_msgs_generate_messages_eus
[  0%] Built target geometry_msgs_generate_messages_cpp
[  0%] Built target rosgraph_msgs_generate_messages_py
[  0%] Built target roscpp_generate_messages_eus
[  0%] Built target std_msgs_generate_messages_eus
[  0%] Built target roscpp_generate_messages_lisp
[  0%] Built target geometry_msgs_generate_messages_nodejs
[  0%] Built target rosgraph_msgs_generate_messages_cpp
[  0%] Built target std_msgs_generate_messages_lisp
[  0%] Built target roscpp_generate_messages_cpp
[  0%] Built target geometry_msgs_generate_messages_lisp
[  0%] Built target sensor_msgs_generate_messages_nodejs
[  0%] Built target std_msgs_generate_messages_nodejs
[  0%] Built target geometry_msgs_generate_messages_py
[  0%] Built target rosgraph_msgs_generate_messages_nodejs
[  0%] Built target sensor_msgs_generate_messages_cpp
[  0%] Built target std_msgs_generate_messages_cpp
[  0%] Built target sensor_msgs_generate_messages_eus
[  0%] Built target sensor_msgs_generate_messages_lisp
[  0%] Built target sensor_msgs_generate_messages_py
[  0%] Built target roscpp_generate_messages_nodejs
[  0%] Built target geometry_msgs_generate_messages_eus
[  0%] Built target roscpp_generate_messages_py
[  0%] Built target std_msgs_generate_messages_py
[35m[1mScanning dependencies of target node0[0m
[  8%] Built target mavros1
[ 12%] [32mBuilding CXX object CMakeFiles/node0.dir/src/node0.cpp.o[0m
[ 20%] Built target cv_node
[ 29%] Built target cv_node2
[ 37%] Built target cv_node3
[ 45%] Built target image_converter3
[ 54%] Built target image_aruco_test
[ 62%] Built target controller
[ 70%] Built target image_converter4
[ 79%] Built target test_control
[ 87%] Built target velocity_test
[ 95%] Built target image_aruco_test2
[01m[K/home/joaquin/catkin_ws/src/second/src/node0.cpp:[m[K In function â€˜[01m[Kint main(int, char**)[m[Kâ€™:
[01m[K/home/joaquin/catkin_ws/src/second/src/node0.cpp:78:77:[m[K [01;31m[Kerror: [m[Kâ€˜[01m[Kvel_x_CB[m[Kâ€™ was not declared in this scope
     ros::Subscriber vel_x_sub = nh.subscribe<std_msgs::Float32>("vel_x", 5, vel_x_CB);
[01;32m[K                                                                             ^[m[K
[01m[K/home/joaquin/catkin_ws/src/second/src/node0.cpp:79:77:[m[K [01;31m[Kerror: [m[Kâ€˜[01m[Kvel_y_CB[m[Kâ€™ was not declared in this scope
     ros::Subscriber vel_y_sub = nh.subscribe<std_msgs::Float32>("vel_y", 5, vel_y_CB);
[01;32m[K                                                                             ^[m[K
CMakeFiles/node0.dir/build.make:62: recipe for target 'CMakeFiles/node0.dir/src/node0.cpp.o' failed
make[2]: *** [CMakeFiles/node0.dir/src/node0.cpp.o] Error 1
CMakeFiles/Makefile2:600: recipe for target 'CMakeFiles/node0.dir/all' failed
make[1]: *** [CMakeFiles/node0.dir/all] Error 2
Makefile:138: recipe for target 'all' failed
make: *** [all] Error 2
