[01m[K/home/joaquin/catkin_ws/src/second/src/image_aruco_test.cpp:[m[K In member function â€˜[01m[Kvoid ImageConverter::imageCb(const ImageConstPtr&)[m[Kâ€™:
[01m[K/home/joaquin/catkin_ws/src/second/src/image_aruco_test.cpp:69:75:[m[K [01;31m[Kerror: [m[Ktoo few arguments to function â€˜[01m[Kvoid cv::aruco::drawAxis(cv::InputOutputArray, cv::InputArray, cv::InputArray, cv::InputArray, cv::InputArray, float)[m[Kâ€™
     aruco::drawAxis(cv_ptr->image, distCoeffs, rvecs.at(0), tvecs.at(0), 3);
[01;32m[K                                                                           ^[m[K
In file included from [01m[K/home/joaquin/catkin_ws/src/second/src/image_aruco_test.cpp:8:0[m[K:
[01m[K/opt/ros/kinetic/include/opencv-3.2.0-dev/opencv2/aruco.hpp:433:19:[m[K [01;36m[Knote: [m[Kdeclared here
 CV_EXPORTS_W void drawAxis(InputOutputArray image, InputArray cameraMatrix, InputArray distCoeffs,
[01;32m[K                   ^[m[K
[01m[K/home/joaquin/catkin_ws/src/second/src/image_aruco_test.cpp:74:1:[m[K [01;31m[Kerror: [m[Kâ€˜[01m[Kr[m[Kâ€™ was not declared in this scope
 r
[01;32m[K ^[m[K
make[2]: *** [CMakeFiles/image_aruco_test.dir/src/image_aruco_test.cpp.o] Error 1
make[1]: *** [CMakeFiles/image_aruco_test.dir/all] Error 2
make: *** [all] Error 2
