[01m[K/home/joaquin/catkin_ws/src/second/src/image_converter.cpp:[m[K In function â€˜[01m[Kvoid imageCb(const ImageConstPtr&)[m[Kâ€™:
[01m[K/home/joaquin/catkin_ws/src/second/src/image_converter.cpp:54:5:[m[K [01;31m[Kerror: [m[Kâ€˜[01m[Kt_pub[m[Kâ€™ was not declared in this scope
     t_pub.publish(array);
[01;32m[K     ^[m[K
[01m[K/home/joaquin/catkin_ws/src/second/src/image_converter.cpp:[m[K In function â€˜[01m[Kint main(int, char**)[m[Kâ€™:
[01m[K/home/joaquin/catkin_ws/src/second/src/image_converter.cpp:69:8:[m[K [01;31m[Kerror: [m[Kâ€˜[01m[KImageConverter[m[Kâ€™ has not been declared
       &ImageConverter::imageCb, this);
[01;32m[K        ^[m[K
[01m[K/home/joaquin/catkin_ws/src/second/src/image_converter.cpp:69:33:[m[K [01;31m[Kerror: [m[Kinvalid use of â€˜[01m[Kthis[m[Kâ€™ in non-member function
       &ImageConverter::imageCb, this);
[01;32m[K                                 ^[m[K
make[2]: *** [CMakeFiles/image_converter.dir/src/image_converter.cpp.o] Error 1
make[1]: *** [CMakeFiles/image_converter.dir/all] Error 2
make: *** [all] Error 2
