[  0%] Built target rosgraph_msgs_generate_messages_py
[  0%] Built target std_msgs_generate_messages_lisp
[  0%] Built target rosgraph_msgs_generate_messages_eus
[  0%] Built target rosgraph_msgs_generate_messages_lisp
[  0%] Built target roscpp_generate_messages_eus
[  0%] Built target roscpp_generate_messages_lisp
[  0%] Built target geometry_msgs_generate_messages_nodejs
[  0%] Built target std_msgs_generate_messages_eus
[  0%] Built target rosgraph_msgs_generate_messages_cpp
[  0%] Built target geometry_msgs_generate_messages_lisp
[  0%] Built target sensor_msgs_generate_messages_nodejs
[  0%] Built target roscpp_generate_messages_cpp
[  0%] Built target std_msgs_generate_messages_nodejs
[  0%] Built target geometry_msgs_generate_messages_py
[  0%] Built target rosgraph_msgs_generate_messages_nodejs
[  0%] Built target sensor_msgs_generate_messages_cpp
[  0%] Built target sensor_msgs_generate_messages_lisp
[  0%] Built target std_msgs_generate_messages_cpp
[  0%] Built target sensor_msgs_generate_messages_eus
[  0%] Built target sensor_msgs_generate_messages_py
[  0%] Built target roscpp_generate_messages_nodejs
[  0%] Built target geometry_msgs_generate_messages_eus
[  0%] Built target std_msgs_generate_messages_py
[  0%] Built target roscpp_generate_messages_py
[  0%] Built target geometry_msgs_generate_messages_cpp
[35m[1mScanning dependencies of target node0[0m
[ 10%] Built target controller
[ 15%] [32mBuilding CXX object CMakeFiles/node0.dir/src/node0.cpp.o[0m
[ 25%] Built target cv_node
[ 35%] Built target mavros1
[35m[1mScanning dependencies of target image_converter3[0m
[ 45%] Built target cv_node2
[ 55%] Built target cv_node3
[ 60%] [32mBuilding CXX object CMakeFiles/image_converter3.dir/src/image_converter3.cpp.o[0m
[ 70%] Built target image_aruco_test
[ 80%] Built target test_control
[ 90%] Built target velocity_test
[01m[K/home/joaquin/catkin_ws/src/second/src/image_converter3.cpp:[m[K In member function â€˜[01m[Kvoid ImageConverter::imageCb(const ImageConstPtr&)[m[Kâ€™:
[01m[K/home/joaquin/catkin_ws/src/second/src/image_converter3.cpp:79:17:[m[K [01;31m[Kerror: [m[Kâ€˜[01m[Krvec[m[Kâ€™ was not declared in this scope
       Rodrigues(rvec, rot_mat);  // Calculate the rotation matrix.
[01;32m[K                 ^[m[K
[01m[K/home/joaquin/catkin_ws/src/second/src/image_converter3.cpp:79:30:[m[K [01;31m[Kerror: [m[Kâ€˜[01m[KRodrigues[m[Kâ€™ was not declared in this scope
       Rodrigues(rvec, rot_mat);  // Calculate the rotation matrix.
[01;32m[K                              ^[m[K
[01m[K/home/joaquin/catkin_ws/src/second/src/image_converter3.cpp:85:22:[m[K [01;31m[Kerror: [m[Kmissing template arguments before â€˜[01m[K)[m[Kâ€™ token
     pub.publish(array);
[01;32m[K                      ^[m[K
CMakeFiles/image_converter3.dir/build.make:62: recipe for target 'CMakeFiles/image_converter3.dir/src/image_converter3.cpp.o' failed
CMakeFiles/Makefile2:1321: recipe for target 'CMakeFiles/image_converter3.dir/all' failed
make[2]: *** [CMakeFiles/image_converter3.dir/src/image_converter3.cpp.o] Error 1
make[1]: *** [CMakeFiles/image_converter3.dir/all] Error 2
make[1]: *** Waiting for unfinished jobs....
[ 95%] [32m[1mLinking CXX executable /home/joaquin/catkin_ws/devel/.private/second/lib/second/node0[0m
[ 95%] Built target node0
Makefile:138: recipe for target 'all' failed
make: *** [all] Error 2
