[01m[K/home/joaquin/catkin_ws/src/second/src/node0.cpp:[m[K In function â€˜[01m[Kint main(int, char**)[m[Kâ€™:
[01m[K/home/joaquin/catkin_ws/src/second/src/node0.cpp:78:77:[m[K [01;31m[Kerror: [m[Kâ€˜[01m[Kvel_x_CB[m[Kâ€™ was not declared in this scope
     ros::Subscriber vel_x_sub = nh.subscribe<std_msgs::Float32>("vel_x", 5, vel_x_CB);
[01;32m[K                                                                             ^[m[K
[01m[K/home/joaquin/catkin_ws/src/second/src/node0.cpp:79:77:[m[K [01;31m[Kerror: [m[Kâ€˜[01m[Kvel_y_CB[m[Kâ€™ was not declared in this scope
     ros::Subscriber vel_y_sub = nh.subscribe<std_msgs::Float32>("vel_y", 5, vel_y_CB);
[01;32m[K                                                                             ^[m[K
make[2]: *** [CMakeFiles/node0.dir/src/node0.cpp.o] Error 1
make[1]: *** [CMakeFiles/node0.dir/all] Error 2
make: *** [all] Error 2
