[01m[K/home/joaquin/catkin_ws/src/second/src/node0.cpp:[m[K In function â€˜[01m[Kint main(int, char**)[m[Kâ€™:
[01m[K/home/joaquin/catkin_ws/src/second/src/node0.cpp:226:43:[m[K [01;31m[Kerror: [m[Kâ€˜[01m[KFloat32[m[Kâ€™ is not a member of â€˜[01m[Kstd_msgs[m[Kâ€™
     ros::Publisher vel_pub = nh.advertise<std_msgs::Float32>("mavros/altitude", 10);
[01;32m[K                                           ^[m[K
[01m[K/home/joaquin/catkin_ws/src/second/src/node0.cpp:226:43:[m[K [01;31m[Kerror: [m[Kâ€˜[01m[KFloat32[m[Kâ€™ is not a member of â€˜[01m[Kstd_msgs[m[Kâ€™
[01m[K/home/joaquin/catkin_ws/src/second/src/node0.cpp:226:83:[m[K [01;31m[Kerror: [m[Kno matching function for call to â€˜[01m[Kros::NodeHandle::advertise(const char [16], int)[m[Kâ€™
     ros::Publisher vel_pub = nh.advertise<std_msgs::Float32>("mavros/altitude", 10);
[01;32m[K                                                                                   ^[m[K
In file included from [01m[K/opt/ros/kinetic/include/ros/ros.h:45:0[m[K,
                 from [01m[K/home/joaquin/catkin_ws/src/second/src/node0.cpp:206[m[K:
[01m[K/opt/ros/kinetic/include/ros/node_handle.h:248:15:[m[K [01;36m[Knote: [m[Kcandidate: template<class M> ros::Publisher ros::NodeHandle::advertise(const string&, uint32_t, bool)
     Publisher advertise(const std::string& topic, uint32_t queue_size, bool latch = false)
[01;32m[K               ^[m[K
[01m[K/opt/ros/kinetic/include/ros/node_handle.h:248:15:[m[K [01;36m[Knote: [m[K  template argument deduction/substitution failed:
[01m[K/home/joaquin/catkin_ws/src/second/src/node0.cpp:226:83:[m[K [01;31m[Kerror: [m[Ktemplate argument 1 is invalid
     ros::Publisher vel_pub = nh.advertise<std_msgs::Float32>("mavros/altitude", 10);
[01;32m[K                                                                                   ^[m[K
In file included from [01m[K/opt/ros/kinetic/include/ros/ros.h:45:0[m[K,
                 from [01m[K/home/joaquin/catkin_ws/src/second/src/node0.cpp:206[m[K:
[01m[K/opt/ros/kinetic/include/ros/node_handle.h:314:13:[m[K [01;36m[Knote: [m[Kcandidate: template<class M> ros::Publisher ros::NodeHandle::advertise(const string&, uint32_t, const SubscriberStatusCallback&, const SubscriberStatusCallback&, const VoidConstPtr&, bool)
   Publisher advertise(const std::string& topic, uint32_t queue_size,
[01;32m[K             ^[m[K
[01m[K/opt/ros/kinetic/include/ros/node_handle.h:314:13:[m[K [01;36m[Knote: [m[K  template argument deduction/substitution failed:
[01m[K/home/joaquin/catkin_ws/src/second/src/node0.cpp:226:83:[m[K [01;31m[Kerror: [m[Ktemplate argument 1 is invalid
     ros::Publisher vel_pub = nh.advertise<std_msgs::Float32>("mavros/altitude", 10);
[01;32m[K                                                                                   ^[m[K
[01m[K/home/joaquin/catkin_ws/src/second/src/node0.cpp:246:5:[m[K [01;31m[Kerror: [m[Kâ€˜[01m[KFloat32[m[Kâ€™ is not a member of â€˜[01m[Kstd_msgs[m[Kâ€™
     std_msgs::Float32 alt_msg;
[01;32m[K     ^[m[K
[01m[K/home/joaquin/catkin_ws/src/second/src/node0.cpp:247:5:[m[K [01;31m[Kerror: [m[Kâ€˜[01m[Kalt_msg[m[Kâ€™ was not declared in this scope
     alt_msg.data = 3.5;
[01;32m[K     ^[m[K
make[2]: *** [CMakeFiles/node0.dir/src/node0.cpp.o] Error 1
make[1]: *** [CMakeFiles/node0.dir/all] Error 2
make: *** [all] Error 2
