[01m[K/home/joaquin/catkin_ws/src/second/src/image_aruco_test.cpp:115:1:[m[K [01;31m[Kerror: [m[Kexpected â€˜[01m[K}[m[Kâ€™ at end of input
 }
[01;32m[K ^[m[K
[01m[K/home/joaquin/catkin_ws/src/second/src/image_aruco_test.cpp:115:1:[m[K [01;31m[Kerror: [m[Kexpected unqualified-id at end of input
make[2]: *** [CMakeFiles/image_aruco_test.dir/src/image_aruco_test.cpp.o] Error 1
make[1]: *** [CMakeFiles/image_aruco_test.dir/all] Error 2
make: *** [all] Error 2
