[01m[K/home/joaquin/catkin_ws/src/second/src/image_aruco_test2.cpp:[m[K In member function â€˜[01m[Kvoid ImageConverter::imageCb(const ImageConstPtr&)[m[Kâ€™:
[01m[K/home/joaquin/catkin_ws/src/second/src/image_aruco_test2.cpp:91:11:[m[K [01;31m[Kerror: [m[Kexpected initializer before â€˜[01m[Krot_mat[m[Kâ€™
       Mat rot_mat;
[01;32m[K           ^[m[K
[01m[K/home/joaquin/catkin_ws/src/second/src/image_aruco_test2.cpp:98:23:[m[K [01;31m[Kerror: [m[Kâ€˜[01m[Krot_mat[m[Kâ€™ was not declared in this scope
       Rodrigues(rvec, rot_mat);
[01;32m[K                       ^[m[K
[01m[K/home/joaquin/catkin_ws/src/second/src/image_aruco_test2.cpp:118:42:[m[K [01;31m[Kerror: [m[Kexpected primary-expression before â€˜[01m[Kfloat[m[Kâ€™
           RT.at<float>(i,j) = rot_mat.at<float>(i,j);  // Including rotation matrix
[01;32m[K                                          ^[m[K
make[2]: *** [CMakeFiles/image_aruco_test2.dir/src/image_aruco_test2.cpp.o] Error 1
make[1]: *** [CMakeFiles/image_aruco_test2.dir/all] Error 2
make: *** [all] Error 2
