[01m[K/home/joaquin/catkin_ws/src/second/src/cv_node2.cpp:[m[K In function â€˜[01m[Kint main()[m[Kâ€™:
[01m[K/home/joaquin/catkin_ws/src/second/src/cv_node2.cpp:12:2:[m[K [01;31m[Kerror: [m[Kâ€˜[01m[Kmat[m[Kâ€™ was not declared in this scope
  mat inputImage;
[01;32m[K  ^[m[K
[01m[K/home/joaquin/catkin_ws/src/second/src/cv_node2.cpp:13:2:[m[K [01;31m[Kerror: [m[Kâ€˜[01m[KinputImage[m[Kâ€™ was not declared in this scope
  inputImage = imread("/home/joaquin/Downloads/image1.jpeg");
[01;32m[K  ^[m[K
[01m[K/home/joaquin/catkin_ws/src/second/src/cv_node2.cpp:15:23:[m[K [01;31m[Kerror: [m[Kâ€˜[01m[K>>[m[Kâ€™ should be â€˜[01m[K> >[m[Kâ€™ within a nested template argument list
  vector<vector<Point2f>> markerCorners, rejectedCandidates;
[01;32m[K                       ^[m[K
make[2]: *** [CMakeFiles/cv_node2.dir/src/cv_node2.cpp.o] Error 1
make[1]: *** [CMakeFiles/cv_node2.dir/all] Error 2
make: *** [all] Error 2
