[01m[K/home/joaquin/catkin_ws/src/second/src/test_control.cpp:[m[K In function â€˜[01m[Kint main(int, char**)[m[Kâ€™:
[01m[K/home/joaquin/catkin_ws/src/second/src/test_control.cpp:17:67:[m[K [01;31m[Kerror: [m[Kâ€˜[01m[Kt_callback[m[Kâ€™ was not declared in this scope
     t_sub = nh.subscribe<std_msgs::Float32MultiArray>("array", 1, t_callback);
[01;32m[K                                                                   ^[m[K
[01m[K/home/joaquin/catkin_ws/src/second/src/test_control.cpp:20:72:[m[K [01;31m[Kerror: [m[Ka function-definition is not allowed here before â€˜[01m[K{[m[Kâ€™ token
  void t_callback(const std_msgs::Float32MultiArray::ConstPtr& arr_msg) {
[01;32m[K                                                                        ^[m[K
[01m[K/home/joaquin/catkin_ws/src/second/src/test_control.cpp:32:1:[m[K [01;31m[Kerror: [m[Kexpected â€˜[01m[K}[m[Kâ€™ at end of input
 }
[01;32m[K ^[m[K
make[2]: *** [CMakeFiles/test_control.dir/src/test_control.cpp.o] Error 1
make[1]: *** [CMakeFiles/test_control.dir/all] Error 2
make: *** [all] Error 2
