[  0%] Built target std_msgs_generate_messages_lisp
[  0%] Built target rosgraph_msgs_generate_messages_lisp
[  0%] Built target rosgraph_msgs_generate_messages_py
[  0%] Built target roscpp_generate_messages_eus
[  0%] Built target rosgraph_msgs_generate_messages_eus
[  0%] Built target std_msgs_generate_messages_eus
[  0%] Built target geometry_msgs_generate_messages_nodejs
[  0%] Built target roscpp_generate_messages_lisp
[  0%] Built target rosgraph_msgs_generate_messages_cpp
[  0%] Built target geometry_msgs_generate_messages_lisp
[  0%] Built target roscpp_generate_messages_cpp
[  0%] Built target std_msgs_generate_messages_nodejs
[  0%] Built target sensor_msgs_generate_messages_nodejs
[  0%] Built target rosgraph_msgs_generate_messages_nodejs
[  0%] Built target std_msgs_generate_messages_cpp
[  0%] Built target sensor_msgs_generate_messages_cpp
[  0%] Built target geometry_msgs_generate_messages_py
[  0%] Built target sensor_msgs_generate_messages_eus
[  0%] Built target sensor_msgs_generate_messages_lisp
[  0%] Built target roscpp_generate_messages_nodejs
[  0%] Built target sensor_msgs_generate_messages_py
[  0%] Built target std_msgs_generate_messages_py
[  0%] Built target geometry_msgs_generate_messages_eus
[  0%] Built target roscpp_generate_messages_py
[  0%] Built target geometry_msgs_generate_messages_cpp
[ 10%] Built target controller
[ 20%] Built target cv_node
[ 30%] Built target node0
[ 40%] Built target mavros1
[35m[1mScanning dependencies of target image_converter3[0m
[ 50%] Built target cv_node2
[ 55%] [32mBuilding CXX object CMakeFiles/image_converter3.dir/src/image_converter3.cpp.o[0m
[ 65%] Built target image_aruco_test
[ 75%] Built target test_control
[ 85%] Built target cv_node3
[ 95%] Built target velocity_test
[01m[K/home/joaquin/catkin_ws/src/second/src/image_converter3.cpp:[m[K In member function â€˜[01m[Kvoid ImageConverter::imageCb(const ImageConstPtr&)[m[Kâ€™:
[01m[K/home/joaquin/catkin_ws/src/second/src/image_converter3.cpp:77:13:[m[K [01;31m[Kerror: [m[Kâ€˜[01m[Kstd_msgs::Float32MultiArray {aka struct std_msgs::Float32MultiArray_<std::allocator<void> >}[m[Kâ€™ has no member named â€˜[01m[Kpush_back[m[Kâ€™
       array.push_back((tvecs.at(0))[i]);
[01;32m[K             ^[m[K
CMakeFiles/image_converter3.dir/build.make:62: recipe for target 'CMakeFiles/image_converter3.dir/src/image_converter3.cpp.o' failed
make[2]: *** [CMakeFiles/image_converter3.dir/src/image_converter3.cpp.o] Error 1
CMakeFiles/Makefile2:1321: recipe for target 'CMakeFiles/image_converter3.dir/all' failed
make[1]: *** [CMakeFiles/image_converter3.dir/all] Error 2
make: *** [all] Error 2
Makefile:138: recipe for target 'all' failed
