[01m[K/home/joaquin/catkin_ws/src/second/src/node0.cpp:[m[K In function â€˜[01m[Kint main(int, char**)[m[Kâ€™:
[01m[K/home/joaquin/catkin_ws/src/second/src/node0.cpp:156:5:[m[K [01;31m[Kerror: [m[Kexpected â€˜[01m[K,[m[Kâ€™ or â€˜[01m[K;[m[Kâ€™ before â€˜[01m[Kstd_msgs[m[Kâ€™
     std_msgs::Float32 alt_msg = temp;
[01;32m[K     ^[m[K
[01m[K/home/joaquin/catkin_ws/src/second/src/node0.cpp:161:25:[m[K [01;31m[Kerror: [m[Kâ€˜[01m[Kalt_msg[m[Kâ€™ was not declared in this scope
         alt_pub.publish(alt_msg);
[01;32m[K                         ^[m[K
[01m[K/home/joaquin/catkin_ws/src/second/src/node0.cpp:193:25:[m[K [01;31m[Kerror: [m[Kâ€˜[01m[Kalt_msg[m[Kâ€™ was not declared in this scope
         alt_pub.publish(alt_msg);
[01;32m[K                         ^[m[K
make[2]: *** [CMakeFiles/node0.dir/src/node0.cpp.o] Error 1
make[1]: *** [CMakeFiles/node0.dir/all] Error 2
make: *** [all] Error 2
