[01m[K/home/joaquin/catkin_ws/src/second/src/node0.cpp:[m[K In function â€˜[01m[Kvoid ar_callback(const ConstPtr&)[m[Kâ€™:
[01m[K/home/joaquin/catkin_ws/src/second/src/node0.cpp:39:13:[m[K [01;31m[Kerror: [m[Kâ€˜[01m[Kset_post[m[Kâ€™ was not declared in this scope
             set_post.orientation.y = .1;
[01;32m[K             ^[m[K
[01m[K/home/joaquin/catkin_ws/src/second/src/node0.cpp:[m[K In function â€˜[01m[Kint main(int, char**)[m[Kâ€™:
[01m[K/home/joaquin/catkin_ws/src/second/src/node0.cpp:71:13:[m[K [01;31m[Kerror: [m[Kâ€˜[01m[Kclass ros::Publisher[m[Kâ€™ has no member named â€˜[01m[Ktype_mask[m[Kâ€™
     att_pub.type_mask = mavros_msgs::AttitudeTarget::IGNORE_ROLL_RATE | mavros_msgs::AtttitudeTarget::IGNORE_PITCH_RATE | mavros_msgs::AttitudeTarget::IGNORE_YAW_RATE | 
[01;32m[K             ^[m[K
[01m[K/home/joaquin/catkin_ws/src/second/src/node0.cpp:71:86:[m[K [01;31m[Kerror: [m[Kâ€˜[01m[Kmavros_msgs::AtttitudeTarget[m[Kâ€™ has not been declared
     att_pub.type_mask = mavros_msgs::AttitudeTarget::IGNORE_ROLL_RATE | mavros_msgs::AtttitudeTarget::IGNORE_PITCH_RATE | mavros_msgs::AttitudeTarget::IGNORE_YAW_RATE | 
[01;32m[K                                                                                      ^[m[K
make[2]: *** [CMakeFiles/node0.dir/src/node0.cpp.o] Error 1
make[1]: *** [CMakeFiles/node0.dir/all] Error 2
make: *** [all] Error 2
