[01m[K/home/joaquin/catkin_ws/src/second/src/image_converter.cpp:26:21:[m[K [01;31m[Kerror: [m[Kfunction definition does not declare parameters
   ImageConverter(nh_)
[01;32m[K                     ^[m[K
[01m[K/home/joaquin/catkin_ws/src/second/src/image_converter.cpp:[m[K In function â€˜[01m[Kint main(int, char**)[m[Kâ€™:
[01m[K/home/joaquin/catkin_ws/src/second/src/image_converter.cpp:80:18:[m[K [01;31m[Kerror: [m[Kuse of deleted function â€˜[01m[KImageConverter::ImageConverter()[m[Kâ€™
   ImageConverter ic;
[01;32m[K                  ^[m[K
[01m[K/home/joaquin/catkin_ws/src/second/src/image_converter.cpp:18:7:[m[K [01;36m[Knote: [m[Kâ€˜[01m[KImageConverter::ImageConverter()[m[Kâ€™ is implicitly deleted because the default definition would be ill-formed:
 class ImageConverter
[01;32m[K       ^[m[K
[01m[K/home/joaquin/catkin_ws/src/second/src/image_converter.cpp:18:7:[m[K [01;31m[Kerror: [m[Kno matching function for call to â€˜[01m[Kimage_transport::ImageTransport::ImageTransport()[m[Kâ€™
In file included from [01m[K/home/joaquin/catkin_ws/src/second/src/image_converter.cpp:2:0[m[K:
[01m[K/opt/ros/kinetic/include/image_transport/image_transport.h:54:12:[m[K [01;36m[Knote: [m[Kcandidate: image_transport::ImageTransport::ImageTransport(const ros::NodeHandle&)
   explicit ImageTransport(const ros::NodeHandle& nh);
[01;32m[K            ^[m[K
[01m[K/opt/ros/kinetic/include/image_transport/image_transport.h:54:12:[m[K [01;36m[Knote: [m[K  candidate expects 1 argument, 0 provided
[01m[K/opt/ros/kinetic/include/image_transport/image_transport.h:51:7:[m[K [01;36m[Knote: [m[Kcandidate: image_transport::ImageTransport::ImageTransport(const image_transport::ImageTransport&)
 class ImageTransport
[01;32m[K       ^[m[K
[01m[K/opt/ros/kinetic/include/image_transport/image_transport.h:51:7:[m[K [01;36m[Knote: [m[K  candidate expects 1 argument, 0 provided
[01m[K/home/joaquin/catkin_ws/src/second/src/image_converter.cpp:81:22:[m[K [01;31m[Kerror: [m[Kmissing template arguments before â€˜[01m[K)[m[Kâ€™ token
   t_pub.publish(array);
[01;32m[K                      ^[m[K
make[2]: *** [CMakeFiles/image_converter.dir/src/image_converter.cpp.o] Error 1
make[1]: *** [CMakeFiles/image_converter.dir/all] Error 2
make: *** [all] Error 2
