[01m[K/home/joaquin/catkin_ws/src/second/src/velocity_test.cpp:[m[K In constructor â€˜[01m[KVel::Vel()[m[Kâ€™:
[01m[K/home/joaquin/catkin_ws/src/second/src/velocity_test.cpp:15:17:[m[K [01;31m[Kerror: [m[Kâ€˜[01m[KTwistStamped[m[Kâ€™ was not declared in this scope
   geometry_msgs:TwistStamped vel_msg;
[01;32m[K                 ^[m[K
[01m[K/home/joaquin/catkin_ws/src/second/src/velocity_test.cpp:15:17:[m[K [01;36m[Knote: [m[Ksuggested alternative:
In file included from [01m[K/home/joaquin/catkin_ws/src/second/src/velocity_test.cpp:3:0[m[K:
[01m[K/opt/ros/kinetic/include/geometry_msgs/TwistStamped.h:54:63:[m[K [01;36m[Knote: [m[K  â€˜[01m[Kgeometry_msgs::TwistStamped[m[Kâ€™
 typedef ::geometry_msgs::TwistStamped_<std::allocator<void> > TwistStamped;
[01;32m[K                                                               ^[m[K
[01m[K/home/joaquin/catkin_ws/src/second/src/velocity_test.cpp:16:3:[m[K [01;31m[Kerror: [m[Kâ€˜[01m[Kvel_msg[m[Kâ€™ was not declared in this scope
   vel_msg.linear.x = 1;
[01;32m[K   ^[m[K
[01m[K/home/joaquin/catkin_ws/src/second/src/velocity_test.cpp:[m[K In member function â€˜[01m[Kvoid Vel::update()[m[Kâ€™:
[01m[K/home/joaquin/catkin_ws/src/second/src/velocity_test.cpp:20:19:[m[K [01;31m[Kerror: [m[Kâ€˜[01m[Kvel_msg[m[Kâ€™ was not declared in this scope
   vel_pub.publish(vel_msg);
[01;32m[K                   ^[m[K
make[2]: *** [CMakeFiles/velocity_test.dir/src/velocity_test.cpp.o] Error 1
make[1]: *** [CMakeFiles/velocity_test.dir/all] Error 2
make: *** [all] Error 2
