[01m[K/home/joaquin/catkin_ws/src/second/src/cv_node3.cpp:7:38:[m[K [01;31m[Kfatal error: [m[Kstd_msgs/Float32MultiArray: No such file or directory
compilation terminated.
make[2]: *** [CMakeFiles/cv_node3.dir/src/cv_node3.cpp.o] Error 1
make[1]: *** [CMakeFiles/cv_node3.dir/all] Error 2
make: *** [all] Error 2
