[01m[K/home/joaquin/catkin_ws/src/second/src/cv_node3.cpp:[m[K In function â€˜[01m[Kint main(int, char**)[m[Kâ€™:
[01m[K/home/joaquin/catkin_ws/src/second/src/cv_node3.cpp:28:80:[m[K [01;31m[Kerror: [m[Kno matching function for call to â€˜[01m[Kstd_msgs::Float32MultiArray_<std::allocator<void> >::Float32MultiArray_(const char [6], int)[m[Kâ€™
  ros::Publisher test_pub = n.advertise<std_msgs::Float32MultiArray("array", 100)>;
[01;32m[K                                                                                ^[m[K
In file included from [01m[K/home/joaquin/catkin_ws/src/second/src/cv_node3.cpp:7:0[m[K:
[01m[K/opt/ros/kinetic/include/std_msgs/Float32MultiArray.h:31:3:[m[K [01;36m[Knote: [m[Kcandidate: std_msgs::Float32MultiArray_<ContainerAllocator>::Float32MultiArray_(const ContainerAllocator&) [with ContainerAllocator = std::allocator<void>]
   Float32MultiArray_(const ContainerAllocator& _alloc)
[01;32m[K   ^[m[K
[01m[K/opt/ros/kinetic/include/std_msgs/Float32MultiArray.h:31:3:[m[K [01;36m[Knote: [m[K  candidate expects 1 argument, 2 provided
[01m[K/opt/ros/kinetic/include/std_msgs/Float32MultiArray.h:27:3:[m[K [01;36m[Knote: [m[Kcandidate: std_msgs::Float32MultiArray_<ContainerAllocator>::Float32MultiArray_() [with ContainerAllocator = std::allocator<void>]
   Float32MultiArray_()
[01;32m[K   ^[m[K
[01m[K/opt/ros/kinetic/include/std_msgs/Float32MultiArray.h:27:3:[m[K [01;36m[Knote: [m[K  candidate expects 0 arguments, 2 provided
[01m[K/opt/ros/kinetic/include/std_msgs/Float32MultiArray.h:23:8:[m[K [01;36m[Knote: [m[Kcandidate: std_msgs::Float32MultiArray_<std::allocator<void> >::Float32MultiArray_(const std_msgs::Float32MultiArray_<std::allocator<void> >&)
 struct Float32MultiArray_
[01;32m[K        ^[m[K
[01m[K/opt/ros/kinetic/include/std_msgs/Float32MultiArray.h:23:8:[m[K [01;36m[Knote: [m[K  candidate expects 1 argument, 2 provided
[01m[K/opt/ros/kinetic/include/std_msgs/Float32MultiArray.h:23:8:[m[K [01;36m[Knote: [m[Kcandidate: std_msgs::Float32MultiArray_<std::allocator<void> >::Float32MultiArray_(std_msgs::Float32MultiArray_<std::allocator<void> >&&)
[01m[K/opt/ros/kinetic/include/std_msgs/Float32MultiArray.h:23:8:[m[K [01;36m[Knote: [m[K  candidate expects 1 argument, 2 provided
[01m[K/home/joaquin/catkin_ws/src/second/src/cv_node3.cpp:28:30:[m[K [01;31m[Kerror: [m[Kconversion from â€˜[01m[K<unresolved overloaded function type>[m[Kâ€™ to non-scalar type â€˜[01m[Kros::Publisher[m[Kâ€™ requested
  ros::Publisher test_pub = n.advertise<std_msgs::Float32MultiArray("array", 100)>;
[01;32m[K                              ^[m[K
[01m[K/home/joaquin/catkin_ws/src/second/src/cv_node3.cpp:33:10:[m[K [01;31m[Kerror: [m[Kâ€˜[01m[Kstd_msgs::Float32MultiArray {aka struct std_msgs::Float32MultiArray_<std::allocator<void> >}[m[Kâ€™ has no member named â€˜[01m[Kpush_back[m[Kâ€™
    array.push_back(test.at(2)[i]);
[01;32m[K          ^[m[K
make[2]: *** [CMakeFiles/cv_node3.dir/src/cv_node3.cpp.o] Error 1
make[1]: *** [CMakeFiles/cv_node3.dir/all] Error 2
make: *** [all] Error 2
