[01m[K/home/joaquin/catkin_ws/src/second/src/image_aruco_test2.cpp:[m[K In member function â€˜[01m[Kvoid ImageConverter::imageCb(const ImageConstPtr&)[m[Kâ€™:
[01m[K/home/joaquin/catkin_ws/src/second/src/image_aruco_test2.cpp:127:30:[m[K [01;31m[Kerror: [m[Kâ€˜[01m[Klast_request[m[Kâ€™ was not declared in this scope
       if (ros::Time::now() - last_request > Duration(0.5)) {  // Print value of T every half a second.
[01;32m[K                              ^[m[K
[01m[K/home/joaquin/catkin_ws/src/second/src/image_aruco_test2.cpp:127:57:[m[K [01;31m[Kerror: [m[Kâ€˜[01m[KDuration[m[Kâ€™ was not declared in this scope
       if (ros::Time::now() - last_request > Duration(0.5)) {  // Print value of T every half a second.
[01;32m[K                                                         ^[m[K
[01m[K/home/joaquin/catkin_ws/src/second/src/image_aruco_test2.cpp:127:57:[m[K [01;36m[Knote: [m[Ksuggested alternative:
In file included from [01m[K/opt/ros/kinetic/include/ros/time.h:57:0[m[K,
                 from [01m[K/opt/ros/kinetic/include/ros/ros.h:38[m[K,
                 from [01m[K/home/joaquin/catkin_ws/src/second/src/image_aruco_test2.cpp:1[m[K:
[01m[K/opt/ros/kinetic/include/ros/duration.h:108:20:[m[K [01;36m[Knote: [m[K  â€˜[01m[Kros::Duration[m[Kâ€™
 class ROSTIME_DECL Duration : public DurationBase<Duration>
[01;32m[K                    ^[m[K
make[2]: *** [CMakeFiles/image_aruco_test2.dir/src/image_aruco_test2.cpp.o] Error 1
make[1]: *** [CMakeFiles/image_aruco_test2.dir/all] Error 2
make: *** [all] Error 2
