[01m[K/home/joaquin/catkin_ws/src/second/src/image_aruco_test.cpp:[m[K In member function â€˜[01m[Kvoid ImageConverter::imageCb(const ImageConstPtr&)[m[Kâ€™:
[01m[K/home/joaquin/catkin_ws/src/second/src/image_aruco_test.cpp:75:1:[m[K [01;31m[Kerror: [m[Kâ€˜[01m[Kr[m[Kâ€™ was not declared in this scope
 r
[01;32m[K ^[m[K
make[2]: *** [CMakeFiles/image_aruco_test.dir/src/image_aruco_test.cpp.o] Error 1
make[1]: *** [CMakeFiles/image_aruco_test.dir/all] Error 2
make: *** [all] Error 2
