[01m[K/home/joaquin/catkin_ws/src/second/src/image_converter3.cpp:[m[K In member function â€˜[01m[Kvoid ImageConverter::imageCb(const ImageConstPtr&)[m[Kâ€™:
[01m[K/home/joaquin/catkin_ws/src/second/src/image_converter3.cpp:79:17:[m[K [01;31m[Kerror: [m[Kâ€˜[01m[Krvec[m[Kâ€™ was not declared in this scope
       Rodrigues(rvec, rot_mat);  // Calculate the rotation matrix.
[01;32m[K                 ^[m[K
[01m[K/home/joaquin/catkin_ws/src/second/src/image_converter3.cpp:79:30:[m[K [01;31m[Kerror: [m[Kâ€˜[01m[KRodrigues[m[Kâ€™ was not declared in this scope
       Rodrigues(rvec, rot_mat);  // Calculate the rotation matrix.
[01;32m[K                              ^[m[K
[01m[K/home/joaquin/catkin_ws/src/second/src/image_converter3.cpp:85:22:[m[K [01;31m[Kerror: [m[Kmissing template arguments before â€˜[01m[K)[m[Kâ€™ token
     pub.publish(array);
[01;32m[K                      ^[m[K
make[2]: *** [CMakeFiles/image_converter3.dir/src/image_converter3.cpp.o] Error 1
make[1]: *** [CMakeFiles/image_converter3.dir/all] Error 2
make[1]: *** Waiting for unfinished jobs....
make: *** [all] Error 2
