[01m[K/home/joaquin/catkin_ws/src/second/src/image_aruco_test.cpp:[m[K In member function â€˜[01m[Kvoid ImageConverter::imageCb(const ImageConstPtr&)[m[Kâ€™:
[01m[K/home/joaquin/catkin_ws/src/second/src/image_aruco_test.cpp:86:35:[m[K [01;31m[Kerror: [m[Kâ€˜[01m[KRodrigues[m[Kâ€™ was not declared in this scope
     Rodrigues(rvecs.at(0), rot_mat);
[01;32m[K                                   ^[m[K
[01m[K/home/joaquin/catkin_ws/src/second/src/image_aruco_test.cpp:87:44:[m[K [01;31m[Kerror: [m[Kno match for â€˜[01m[Koperator*[m[Kâ€™ (operand types are â€˜[01m[Kcv::MatExpr[m[Kâ€™ and â€˜[01m[K__gnu_cxx::__alloc_traits<std::allocator<cv::Vec<double, 3> > >::value_type {aka cv::Vec<double, 3>}[m[Kâ€™)
     xx = rot_mat.t()*xx_prime - rot_mat.t()*tvecs.at(0);
[01;32m[K                                            ^[m[K
In file included from [01m[K/usr/include/boost/config/no_tr1/complex.hpp:21:0[m[K,
                 from [01m[K/usr/include/boost/math/policies/error_handling.hpp:15[m[K,
                 from [01m[K/usr/include/boost/math/special_functions/round.hpp:14[m[K,
                 from [01m[K/opt/ros/kinetic/include/ros/time.h:58[m[K,
                 from [01m[K/opt/ros/kinetic/include/ros/ros.h:38[m[K,
                 from [01m[K/home/joaquin/catkin_ws/src/second/src/image_aruco_test.cpp:1[m[K:
[01m[K/usr/include/c++/5/complex:386:5:[m[K [01;36m[Knote: [m[Kcandidate: template<class _Tp> std::complex<_Tp> std::operator*(const std::complex<_Tp>&, const std::complex<_Tp>&)
     operator*(const complex<_Tp>& __x, const complex<_Tp>& __y)
[01;32m[K     ^[m[K
[01m[K/usr/include/c++/5/complex:386:5:[m[K [01;36m[Knote: [m[K  template argument deduction/substitution failed:
[01m[K/home/joaquin/catkin_ws/src/second/src/image_aruco_test.cpp:87:55:[m[K [01;36m[Knote: [m[K  â€˜[01m[Kcv::MatExpr[m[Kâ€™ is not derived from â€˜[01m[Kconst std::complex<_Tp>[m[Kâ€™
     xx = rot_mat.t()*xx_prime - rot_mat.t()*tvecs.at(0);
[01;32m[K                                                       ^[m[K
In file included from [01m[K/usr/include/boost/config/no_tr1/complex.hpp:21:0[m[K,
                 from [01m[K/usr/include/boost/math/policies/error_handling.hpp:15[m[K,
                 from [01m[K/usr/include/boost/math/special_functions/round.hpp:14[m[K,
                 from [01m[K/opt/ros/kinetic/include/ros/time.h:58[m[K,
                 from [01m[K/opt/ros/kinetic/include/ros/ros.h:38[m[K,
                 from [01m[K/home/joaquin/catkin_ws/src/second/src/image_aruco_test.cpp:1[m[K:
[01m[K/usr/include/c++/5/complex:395:5:[m[K [01;36m[Knote: [m[Kcandidate: template<class _Tp> std::complex<_Tp> std::operator*(const std::complex<_Tp>&, const _Tp&)
     operator*(const complex<_Tp>& __x, const _Tp& __y)
[01;32m[K     ^[m[K
[01m[K/usr/include/c++/5/complex:395:5:[m[K [01;36m[Knote: [m[K  template argument deduction/substitution failed:
[01m[K/home/joaquin/catkin_ws/src/second/src/image_aruco_test.cpp:87:55:[m[K [01;36m[Knote: [m[K  â€˜[01m[Kcv::MatExpr[m[Kâ€™ is not derived from â€˜[01m[Kconst std::complex<_Tp>[m[Kâ€™
     xx = rot_mat.t()*xx_prime - rot_mat.t()*tvecs.at(0);
[01;32m[K                                                       ^[m[K
In file included from [01m[K/usr/include/boost/config/no_tr1/complex.hpp:21:0[m[K,
                 from [01m[K/usr/include/boost/math/policies/error_handling.hpp:15[m[K,
                 from [01m[K/usr/include/boost/math/special_functions/round.hpp:14[m[K,
                 from [01m[K/opt/ros/kinetic/include/ros/time.h:58[m[K,
                 from [01m[K/opt/ros/kinetic/include/ros/ros.h:38[m[K,
                 from [01m[K/home/joaquin/catkin_ws/src/second/src/image_aruco_test.cpp:1[m[K:
[01m[K/usr/include/c++/5/complex:404:5:[m[K [01;36m[Knote: [m[Kcandidate: template<class _Tp> std::complex<_Tp> std::operator*(const _Tp&, const std::complex<_Tp>&)
     operator*(const _Tp& __x, const complex<_Tp>& __y)
[01;32m[K     ^[m[K
[01m[K/usr/include/c++/5/complex:404:5:[m[K [01;36m[Knote: [m[K  template argument deduction/substitution failed:
[01m[K/home/joaquin/catkin_ws/src/second/src/image_aruco_test.cpp:87:55:[m[K [01;36m[Knote: [m[K  â€˜[01m[K__gnu_cxx::__alloc_traits<std::allocator<cv::Vec<double, 3> > >::value_type {aka cv::Vec<double, 3>}[m[Kâ€™ is not derived from â€˜[01m[Kconst std::complex<_Tp>[m[Kâ€™
     xx = rot_mat.t()*xx_prime - rot_mat.t()*tvecs.at(0);
[01;32m[K                                                       ^[m[K
In file included from [01m[K/opt/ros/kinetic/include/opencv-3.2.0-dev/opencv2/core.hpp:59:0[m[K,
                 from [01m[K/opt/ros/kinetic/include/opencv-3.2.0-dev/opencv2/core/core.hpp:48[m[K,
                 from [01m[K/opt/ros/kinetic/include/cv_bridge/cv_bridge.h:43[m[K,
                 from [01m[K/home/joaquin/catkin_ws/src/second/src/image_aruco_test.cpp:3[m[K:
[01m[K/opt/ros/kinetic/include/opencv-3.2.0-dev/opencv2/core/mat.hpp:3439:20:[m[K [01;36m[Knote: [m[Kcandidate: cv::MatExpr cv::operator*(const cv::MatExpr&, const cv::MatExpr&)
 CV_EXPORTS MatExpr operator * (const MatExpr& e1, const MatExpr& e2);
[01;32m[K                    ^[m[K
[01m[K/opt/ros/kinetic/include/opencv-3.2.0-dev/opencv2/core/mat.hpp:3439:20:[m[K [01;36m[Knote: [m[K  no known conversion for argument 2 from â€˜[01m[K__gnu_cxx::__alloc_traits<std::allocator<cv::Vec<double, 3> > >::value_type {aka cv::Vec<double, 3>}[m[Kâ€™ to â€˜[01m[Kconst cv::MatExpr&[m[Kâ€™
[01m[K/opt/ros/kinetic/include/opencv-3.2.0-dev/opencv2/core/mat.hpp:3438:20:[m[K [01;36m[Knote: [m[Kcandidate: cv::MatExpr cv::operator*(double, const cv::MatExpr&)
 CV_EXPORTS MatExpr operator * (double s, const MatExpr& e);
[01;32m[K                    ^[m[K
[01m[K/opt/ros/kinetic/include/opencv-3.2.0-dev/opencv2/core/mat.hpp:3438:20:[m[K [01;36m[Knote: [m[K  no known conversion for argument 1 from â€˜[01m[Kcv::MatExpr[m[Kâ€™ to â€˜[01m[Kdouble[m[Kâ€™
[01m[K/opt/ros/kinetic/include/opencv-3.2.0-dev/opencv2/core/mat.hpp:3437:20:[m[K [01;36m[Knote: [m[Kcandidate: cv::MatExpr cv::operator*(const cv::MatExpr&, double)
 CV_EXPORTS MatExpr operator * (const MatExpr& e, double s);
[01;32m[K                    ^[m[K
[01m[K/opt/ros/kinetic/include/opencv-3.2.0-dev/opencv2/core/mat.hpp:3437:20:[m[K [01;36m[Knote: [m[K  no known conversion for argument 2 from â€˜[01m[K__gnu_cxx::__alloc_traits<std::allocator<cv::Vec<double, 3> > >::value_type {aka cv::Vec<double, 3>}[m[Kâ€™ to â€˜[01m[Kdouble[m[Kâ€™
[01m[K/opt/ros/kinetic/include/opencv-3.2.0-dev/opencv2/core/mat.hpp:3436:20:[m[K [01;36m[Knote: [m[Kcandidate: cv::MatExpr cv::operator*(const cv::Mat&, const cv::MatExpr&)
 CV_EXPORTS MatExpr operator * (const Mat& m, const MatExpr& e);
[01;32m[K                    ^[m[K
[01m[K/opt/ros/kinetic/include/opencv-3.2.0-dev/opencv2/core/mat.hpp:3436:20:[m[K [01;36m[Knote: [m[K  no known conversion for argument 2 from â€˜[01m[K__gnu_cxx::__alloc_traits<std::allocator<cv::Vec<double, 3> > >::value_type {aka cv::Vec<double, 3>}[m[Kâ€™ to â€˜[01m[Kconst cv::MatExpr&[m[Kâ€™
[01m[K/opt/ros/kinetic/include/opencv-3.2.0-dev/opencv2/core/mat.hpp:3435:20:[m[K [01;36m[Knote: [m[Kcandidate: cv::MatExpr cv::operator*(const cv::MatExpr&, const cv::Mat&)
 CV_EXPORTS MatExpr operator * (const MatExpr& e, const Mat& m);
[01;32m[K                    ^[m[K
[01m[K/opt/ros/kinetic/include/opencv-3.2.0-dev/opencv2/core/mat.hpp:3435:20:[m[K [01;36m[Knote: [m[K  no known conversion for argument 2 from â€˜[01m[K__gnu_cxx::__alloc_traits<std::allocator<cv::Vec<double, 3> > >::value_type {aka cv::Vec<double, 3>}[m[Kâ€™ to â€˜[01m[Kconst cv::Mat&[m[Kâ€™
[01m[K/opt/ros/kinetic/include/opencv-3.2.0-dev/opencv2/core/mat.hpp:3434:20:[m[K [01;36m[Knote: [m[Kcandidate: cv::MatExpr cv::operator*(double, const cv::Mat&)
 CV_EXPORTS MatExpr operator * (double s, const Mat& a);
[01;32m[K                    ^[m[K
[01m[K/opt/ros/kinetic/include/opencv-3.2.0-dev/opencv2/core/mat.hpp:3434:20:[m[K [01;36m[Knote: [m[K  no known conversion for argument 1 from â€˜[01m[Kcv::MatExpr[m[Kâ€™ to â€˜[01m[Kdouble[m[Kâ€™
[01m[K/opt/ros/kinetic/include/opencv-3.2.0-dev/opencv2/core/mat.hpp:3433:20:[m[K [01;36m[Knote: [m[Kcandidate: cv::MatExpr cv::operator*(const cv::Mat&, double)
 CV_EXPORTS MatExpr operator * (const Mat& a, double s);
[01;32m[K                    ^[m[K
[01m[K/opt/ros/kinetic/include/opencv-3.2.0-dev/opencv2/core/mat.hpp:3433:20:[m[K [01;36m[Knote: [m[K  no known conversion for argument 2 from â€˜[01m[K__gnu_cxx::__alloc_traits<std::allocator<cv::Vec<double, 3> > >::value_type {aka cv::Vec<double, 3>}[m[Kâ€™ to â€˜[01m[Kdouble[m[Kâ€™
[01m[K/opt/ros/kinetic/include/opencv-3.2.0-dev/opencv2/core/mat.hpp:3432:20:[m[K [01;36m[Knote: [m[Kcandidate: cv::MatExpr cv::operator*(const cv::Mat&, const cv::Mat&)
 CV_EXPORTS MatExpr operator * (const Mat& a, const Mat& b);
[01;32m[K                    ^[m[K
[01m[K/opt/ros/kinetic/include/opencv-3.2.0-dev/opencv2/core/mat.hpp:3432:20:[m[K [01;36m[Knote: [m[K  no known conversion for argument 2 from â€˜[01m[K__gnu_cxx::__alloc_traits<std::allocator<cv::Vec<double, 3> > >::value_type {aka cv::Vec<double, 3>}[m[Kâ€™ to â€˜[01m[Kconst cv::Mat&[m[Kâ€™
In file included from [01m[K/opt/ros/kinetic/include/opencv-3.2.0-dev/opencv2/core.hpp:58:0[m[K,
                 from [01m[K/opt/ros/kinetic/include/opencv-3.2.0-dev/opencv2/core/core.hpp:48[m[K,
                 from [01m[K/opt/ros/kinetic/include/cv_bridge/cv_bridge.h:43[m[K,
                 from [01m[K/home/joaquin/catkin_ws/src/second/src/image_aruco_test.cpp:3[m[K:
[01m[K/opt/ros/kinetic/include/opencv-3.2.0-dev/opencv2/core/types.hpp:2197:8:[m[K [01;36m[Knote: [m[Kcandidate: template<class _Tp> cv::Scalar cv::operator*(const cv::Matx<_Tp, 4, 4>&, const Scalar&)
 Scalar operator * (const Matx<_Tp, 4, 4>& a, const Scalar& b)
[01;32m[K        ^[m[K
[01m[K/opt/ros/kinetic/include/opencv-3.2.0-dev/opencv2/core/types.hpp:2197:8:[m[K [01;36m[Knote: [m[K  template argument deduction/substitution failed:
[01m[K/home/joaquin/catkin_ws/src/second/src/image_aruco_test.cpp:87:55:[m[K [01;36m[Knote: [m[K  â€˜[01m[Kcv::MatExpr[m[Kâ€™ is not derived from â€˜[01m[Kconst cv::Matx<_Tp, 4, 4>[m[Kâ€™
     xx = rot_mat.t()*xx_prime - rot_mat.t()*tvecs.at(0);
[01;32m[K                                                       ^[m[K
In file included from [01m[K/opt/ros/kinetic/include/opencv-3.2.0-dev/opencv2/core.hpp:58:0[m[K,
                 from [01m[K/opt/ros/kinetic/include/opencv-3.2.0-dev/opencv2/core/core.hpp:48[m[K,
                 from [01m[K/opt/ros/kinetic/include/cv_bridge/cv_bridge.h:43[m[K,
                 from [01m[K/home/joaquin/catkin_ws/src/second/src/image_aruco_test.cpp:3[m[K:
[01m[K/opt/ros/kinetic/include/opencv-3.2.0-dev/opencv2/core/types.hpp:2131:14:[m[K [01;36m[Knote: [m[Kcandidate: template<class _Tp> cv::Scalar_<_Tp> cv::operator*(const cv::Scalar_<_Tp>&, const cv::Scalar_<_Tp>&)
 Scalar_<_Tp> operator * (const Scalar_<_Tp>& a, const Scalar_<_Tp>& b)
[01;32m[K              ^[m[K
[01m[K/opt/ros/kinetic/include/opencv-3.2.0-dev/opencv2/core/types.hpp:2131:14:[m[K [01;36m[Knote: [m[K  template argument deduction/substitution failed:
[01m[K/home/joaquin/catkin_ws/src/second/src/image_aruco_test.cpp:87:55:[m[K [01;36m[Knote: [m[K  â€˜[01m[Kcv::MatExpr[m[Kâ€™ is not derived from â€˜[01m[Kconst cv::Scalar_<_Tp>[m[Kâ€™
     xx = rot_mat.t()*xx_prime - rot_mat.t()*tvecs.at(0);
[01;32m[K                                                       ^[m[K
In file included from [01m[K/opt/ros/kinetic/include/opencv-3.2.0-dev/opencv2/core.hpp:58:0[m[K,
                 from [01m[K/opt/ros/kinetic/include/opencv-3.2.0-dev/opencv2/core/core.hpp:48[m[K,
                 from [01m[K/opt/ros/kinetic/include/cv_bridge/cv_bridge.h:43[m[K,
                 from [01m[K/home/joaquin/catkin_ws/src/second/src/image_aruco_test.cpp:3[m[K:
[01m[K/opt/ros/kinetic/include/opencv-3.2.0-dev/opencv2/core/types.hpp:2115:14:[m[K [01;36m[Knote: [m[Kcandidate: template<class _Tp> cv::Scalar_<_Tp> cv::operator*(_Tp, const cv::Scalar_<_Tp>&)
 Scalar_<_Tp> operator * (_Tp alpha, const Scalar_<_Tp>& a)
[01;32m[K              ^[m[K
[01m[K/opt/ros/kinetic/include/opencv-3.2.0-dev/opencv2/core/types.hpp:2115:14:[m[K [01;36m[Knote: [m[K  template argument deduction/substitution failed:
[01m[K/home/joaquin/catkin_ws/src/second/src/image_aruco_test.cpp:87:55:[m[K [01;36m[Knote: [m[K  â€˜[01m[K__gnu_cxx::__alloc_traits<std::allocator<cv::Vec<double, 3> > >::value_type {aka cv::Vec<double, 3>}[m[Kâ€™ is not derived from â€˜[01m[Kconst cv::Scalar_<_Tp>[m[Kâ€™
     xx = rot_mat.t()*xx_prime - rot_mat.t()*tvecs.at(0);
[01;32m[K                                                       ^[m[K
In file included from [01m[K/opt/ros/kinetic/include/opencv-3.2.0-dev/opencv2/core.hpp:58:0[m[K,
                 from [01m[K/opt/ros/kinetic/include/opencv-3.2.0-dev/opencv2/core/core.hpp:48[m[K,
                 from [01m[K/opt/ros/kinetic/include/cv_bridge/cv_bridge.h:43[m[K,
                 from [01m[K/home/joaquin/catkin_ws/src/second/src/image_aruco_test.cpp:3[m[K:
[01m[K/opt/ros/kinetic/include/opencv-3.2.0-dev/opencv2/core/types.hpp:2106:14:[m[K [01;36m[Knote: [m[Kcandidate: template<class _Tp> cv::Scalar_<_Tp> cv::operator*(const cv::Scalar_<_Tp>&, _Tp)
 Scalar_<_Tp> operator * (const Scalar_<_Tp>& a, _Tp alpha)
[01;32m[K              ^[m[K
[01m[K/opt/ros/kinetic/include/opencv-3.2.0-dev/opencv2/core/types.hpp:2106:14:[m[K [01;36m[Knote: [m[K  template argument deduction/substitution failed:
[01m[K/home/joaquin/catkin_ws/src/second/src/image_aruco_test.cpp:87:55:[m[K [01;36m[Knote: [m[K  â€˜[01m[Kcv::MatExpr[m[Kâ€™ is not derived from â€˜[01m[Kconst cv::Scalar_<_Tp>[m[Kâ€™
     xx = rot_mat.t()*xx_prime - rot_mat.t()*tvecs.at(0);
[01;32m[K                                                       ^[m[K
In file included from [01m[K/opt/ros/kinetic/include/opencv-3.2.0-dev/opencv2/core.hpp:58:0[m[K,
                 from [01m[K/opt/ros/kinetic/include/opencv-3.2.0-dev/opencv2/core/core.hpp:48[m[K,
                 from [01m[K/opt/ros/kinetic/include/cv_bridge/cv_bridge.h:43[m[K,
                 from [01m[K/home/joaquin/catkin_ws/src/second/src/image_aruco_test.cpp:3[m[K:
[01m[K/opt/ros/kinetic/include/opencv-3.2.0-dev/opencv2/core/types.hpp:1607:12:[m[K [01;36m[Knote: [m[Kcandidate: template<class _Tp> cv::Size_<_Tp> cv::operator*(const cv::Size_<_Tp>&, _Tp)
 Size_<_Tp> operator * (const Size_<_Tp>& a, _Tp b)
[01;32m[K            ^[m[K
[01m[K/opt/ros/kinetic/include/opencv-3.2.0-dev/opencv2/core/types.hpp:1607:12:[m[K [01;36m[Knote: [m[K  template argument deduction/substitution failed:
[01m[K/home/joaquin/catkin_ws/src/second/src/image_aruco_test.cpp:87:55:[m[K [01;36m[Knote: [m[K  â€˜[01m[Kcv::MatExpr[m[Kâ€™ is not derived from â€˜[01m[Kconst cv::Size_<_Tp>[m[Kâ€™
     xx = rot_mat.t()*xx_prime - rot_mat.t()*tvecs.at(0);
[01;32m[K                                                       ^[m[K
In file included from [01m[K/opt/ros/kinetic/include/opencv-3.2.0-dev/opencv2/core.hpp:58:0[m[K,
                 from [01m[K/opt/ros/kinetic/include/opencv-3.2.0-dev/opencv2/core/core.hpp:48[m[K,
                 from [01m[K/opt/ros/kinetic/include/cv_bridge/cv_bridge.h:43[m[K,
                 from [01m[K/home/joaquin/catkin_ws/src/second/src/image_aruco_test.cpp:3[m[K:
[01m[K/opt/ros/kinetic/include/opencv-3.2.0-dev/opencv2/core/types.hpp:1530:17:[m[K [01;36m[Knote: [m[Kcandidate: template<class _Tp> cv::Matx<T2, 4, 1> cv::operator*(const cv::Matx<_Tp, 4, 4>&, const cv::Point3_<_Tp>&)
 Matx<_Tp, 4, 1> operator * (const Matx<_Tp, 4, 4>& a, const Point3_<_Tp>& b)
[01;32m[K                 ^[m[K
[01m[K/opt/ros/kinetic/include/opencv-3.2.0-dev/opencv2/core/types.hpp:1530:17:[m[K [01;36m[Knote: [m[K  template argument deduction/substitution failed:
[01m[K/home/joaquin/catkin_ws/src/second/src/image_aruco_test.cpp:87:55:[m[K [01;36m[Knote: [m[K  â€˜[01m[Kcv::MatExpr[m[Kâ€™ is not derived from â€˜[01m[Kconst cv::Matx<_Tp, 4, 4>[m[Kâ€™
     xx = rot_mat.t()*xx_prime - rot_mat.t()*tvecs.at(0);
[01;32m[K                                                       ^[m[K
In file included from [01m[K/opt/ros/kinetic/include/opencv-3.2.0-dev/opencv2/core.hpp:58:0[m[K,
                 from [01m[K/opt/ros/kinetic/include/opencv-3.2.0-dev/opencv2/core/core.hpp:48[m[K,
                 from [01m[K/opt/ros/kinetic/include/cv_bridge/cv_bridge.h:43[m[K,
                 from [01m[K/home/joaquin/catkin_ws/src/second/src/image_aruco_test.cpp:3[m[K:
[01m[K/opt/ros/kinetic/include/opencv-3.2.0-dev/opencv2/core/types.hpp:1523:14:[m[K [01;36m[Knote: [m[Kcandidate: template<class _Tp> cv::Point3_<_Tp> cv::operator*(const cv::Matx<_Tp, 3, 3>&, const cv::Point3_<_Tp>&)
 Point3_<_Tp> operator * (const Matx<_Tp, 3, 3>& a, const Point3_<_Tp>& b)
[01;32m[K              ^[m[K
[01m[K/opt/ros/kinetic/include/opencv-3.2.0-dev/opencv2/core/types.hpp:1523:14:[m[K [01;36m[Knote: [m[K  template argument deduction/substitution failed:
[01m[K/home/joaquin/catkin_ws/src/second/src/image_aruco_test.cpp:87:55:[m[K [01;36m[Knote: [m[K  â€˜[01m[Kcv::MatExpr[m[Kâ€™ is not derived from â€˜[01m[Kconst cv::Matx<_Tp, 3, 3>[m[Kâ€™
     xx = rot_mat.t()*xx_prime - rot_mat.t()*tvecs.at(0);
[01;32m[K                                                       ^[m[K
In file included from [01m[K/opt/ros/kinetic/include/opencv-3.2.0-dev/opencv2/core.hpp:58:0[m[K,
                 from [01m[K/opt/ros/kinetic/include/opencv-3.2.0-dev/opencv2/core/core.hpp:48[m[K,
                 from [01m[K/opt/ros/kinetic/include/cv_bridge/cv_bridge.h:43[m[K,
                 from [01m[K/home/joaquin/catkin_ws/src/second/src/image_aruco_test.cpp:3[m[K:
[01m[K/opt/ros/kinetic/include/opencv-3.2.0-dev/opencv2/core/types.hpp:1517:14:[m[K [01;36m[Knote: [m[Kcandidate: template<class _Tp> cv::Point3_<_Tp> cv::operator*(double, const cv::Point3_<_Tp>&)
 Point3_<_Tp> operator * (double a, const Point3_<_Tp>& b)
[01;32m[K              ^[m[K
[01m[K/opt/ros/kinetic/include/opencv-3.2.0-dev/opencv2/core/types.hpp:1517:14:[m[K [01;36m[Knote: [m[K  template argument deduction/substitution failed:
[01m[K/home/joaquin/catkin_ws/src/second/src/image_aruco_test.cpp:87:42:[m[K [01;36m[Knote: [m[K  cannot convert â€˜[01m[Kcv::Mat::t() const()[m[Kâ€™ (type â€˜[01m[Kcv::MatExpr[m[Kâ€™) to type â€˜[01m[Kdouble[m[Kâ€™
     xx = rot_mat.t()*xx_prime - rot_mat.t()*tvecs.at(0);
[01;32m[K                                          ^[m[K
In file included from [01m[K/opt/ros/kinetic/include/opencv-3.2.0-dev/opencv2/core.hpp:58:0[m[K,
                 from [01m[K/opt/ros/kinetic/include/opencv-3.2.0-dev/opencv2/core/core.hpp:48[m[K,
                 from [01m[K/opt/ros/kinetic/include/cv_bridge/cv_bridge.h:43[m[K,
                 from [01m[K/home/joaquin/catkin_ws/src/second/src/image_aruco_test.cpp:3[m[K:
[01m[K/opt/ros/kinetic/include/opencv-3.2.0-dev/opencv2/core/types.hpp:1511:14:[m[K [01;36m[Knote: [m[Kcandidate: template<class _Tp> cv::Point3_<_Tp> cv::operator*(const cv::Point3_<_Tp>&, double)
 Point3_<_Tp> operator * (const Point3_<_Tp>& a, double b)
[01;32m[K              ^[m[K
[01m[K/opt/ros/kinetic/include/opencv-3.2.0-dev/opencv2/core/types.hpp:1511:14:[m[K [01;36m[Knote: [m[K  template argument deduction/substitution failed:
[01m[K/home/joaquin/catkin_ws/src/second/src/image_aruco_test.cpp:87:55:[m[K [01;36m[Knote: [m[K  â€˜[01m[Kcv::MatExpr[m[Kâ€™ is not derived from â€˜[01m[Kconst cv::Point3_<_Tp>[m[Kâ€™
     xx = rot_mat.t()*xx_prime - rot_mat.t()*tvecs.at(0);
[01;32m[K                                                       ^[m[K
In file included from [01m[K/opt/ros/kinetic/include/opencv-3.2.0-dev/opencv2/core.hpp:58:0[m[K,
                 from [01m[K/opt/ros/kinetic/include/opencv-3.2.0-dev/opencv2/core/core.hpp:48[m[K,
                 from [01m[K/opt/ros/kinetic/include/cv_bridge/cv_bridge.h:43[m[K,
                 from [01m[K/home/joaquin/catkin_ws/src/second/src/image_aruco_test.cpp:3[m[K:
[01m[K/opt/ros/kinetic/include/opencv-3.2.0-dev/opencv2/core/types.hpp:1505:14:[m[K [01;36m[Knote: [m[Kcandidate: template<class _Tp> cv::Point3_<_Tp> cv::operator*(float, const cv::Point3_<_Tp>&)
 Point3_<_Tp> operator * (float a, const Point3_<_Tp>& b)
[01;32m[K              ^[m[K
[01m[K/opt/ros/kinetic/include/opencv-3.2.0-dev/opencv2/core/types.hpp:1505:14:[m[K [01;36m[Knote: [m[K  template argument deduction/substitution failed:
[01m[K/home/joaquin/catkin_ws/src/second/src/image_aruco_test.cpp:87:42:[m[K [01;36m[Knote: [m[K  cannot convert â€˜[01m[Kcv::Mat::t() const()[m[Kâ€™ (type â€˜[01m[Kcv::MatExpr[m[Kâ€™) to type â€˜[01m[Kfloat[m[Kâ€™
     xx = rot_mat.t()*xx_prime - rot_mat.t()*tvecs.at(0);
[01;32m[K                                          ^[m[K
In file included from [01m[K/opt/ros/kinetic/include/opencv-3.2.0-dev/opencv2/core.hpp:58:0[m[K,
                 from [01m[K/opt/ros/kinetic/include/opencv-3.2.0-dev/opencv2/core/core.hpp:48[m[K,
                 from [01m[K/opt/ros/kinetic/include/cv_bridge/cv_bridge.h:43[m[K,
                 from [01m[K/home/joaquin/catkin_ws/src/second/src/image_aruco_test.cpp:3[m[K:
[01m[K/opt/ros/kinetic/include/opencv-3.2.0-dev/opencv2/core/types.hpp:1499:14:[m[K [01;36m[Knote: [m[Kcandidate: template<class _Tp> cv::Point3_<_Tp> cv::operator*(const cv::Point3_<_Tp>&, float)
 Point3_<_Tp> operator * (const Point3_<_Tp>& a, float b)
[01;32m[K              ^[m[K
[01m[K/opt/ros/kinetic/include/opencv-3.2.0-dev/opencv2/core/types.hpp:1499:14:[m[K [01;36m[Knote: [m[K  template argument deduction/substitution failed:
[01m[K/home/joaquin/catkin_ws/src/second/src/image_aruco_test.cpp:87:55:[m[K [01;36m[Knote: [m[K  â€˜[01m[Kcv::MatExpr[m[Kâ€™ is not derived from â€˜[01m[Kconst cv::Point3_<_Tp>[m[Kâ€™
     xx = rot_mat.t()*xx_prime - rot_mat.t()*tvecs.at(0);
[01;32m[K                                                       ^[m[K
In file included from [01m[K/opt/ros/kinetic/include/opencv-3.2.0-dev/opencv2/core.hpp:58:0[m[K,
                 from [01m[K/opt/ros/kinetic/include/opencv-3.2.0-dev/opencv2/core/core.hpp:48[m[K,
                 from [01m[K/opt/ros/kinetic/include/cv_bridge/cv_bridge.h:43[m[K,
                 from [01m[K/home/joaquin/catkin_ws/src/second/src/image_aruco_test.cpp:3[m[K:
[01m[K/opt/ros/kinetic/include/opencv-3.2.0-dev/opencv2/core/types.hpp:1493:14:[m[K [01;36m[Knote: [m[Kcandidate: template<class _Tp> cv::Point3_<_Tp> cv::operator*(int, const cv::Point3_<_Tp>&)
 Point3_<_Tp> operator * (int a, const Point3_<_Tp>& b)
[01;32m[K              ^[m[K
[01m[K/opt/ros/kinetic/include/opencv-3.2.0-dev/opencv2/core/types.hpp:1493:14:[m[K [01;36m[Knote: [m[K  template argument deduction/substitution failed:
[01m[K/home/joaquin/catkin_ws/src/second/src/image_aruco_test.cpp:87:42:[m[K [01;36m[Knote: [m[K  cannot convert â€˜[01m[Kcv::Mat::t() const()[m[Kâ€™ (type â€˜[01m[Kcv::MatExpr[m[Kâ€™) to type â€˜[01m[Kint[m[Kâ€™
     xx = rot_mat.t()*xx_prime - rot_mat.t()*tvecs.at(0);
[01;32m[K                                          ^[m[K
In file included from [01m[K/opt/ros/kinetic/include/opencv-3.2.0-dev/opencv2/core.hpp:58:0[m[K,
                 from [01m[K/opt/ros/kinetic/include/opencv-3.2.0-dev/opencv2/core/core.hpp:48[m[K,
                 from [01m[K/opt/ros/kinetic/include/cv_bridge/cv_bridge.h:43[m[K,
                 from [01m[K/home/joaquin/catkin_ws/src/second/src/image_aruco_test.cpp:3[m[K:
[01m[K/opt/ros/kinetic/include/opencv-3.2.0-dev/opencv2/core/types.hpp:1487:14:[m[K [01;36m[Knote: [m[Kcandidate: template<class _Tp> cv::Point3_<_Tp> cv::operator*(const cv::Point3_<_Tp>&, int)
 Point3_<_Tp> operator * (const Point3_<_Tp>& a, int b)
[01;32m[K              ^[m[K
[01m[K/opt/ros/kinetic/include/opencv-3.2.0-dev/opencv2/core/types.hpp:1487:14:[m[K [01;36m[Knote: [m[K  template argument deduction/substitution failed:
[01m[K/home/joaquin/catkin_ws/src/second/src/image_aruco_test.cpp:87:55:[m[K [01;36m[Knote: [m[K  â€˜[01m[Kcv::MatExpr[m[Kâ€™ is not derived from â€˜[01m[Kconst cv::Point3_<_Tp>[m[Kâ€™
     xx = rot_mat.t()*xx_prime - rot_mat.t()*tvecs.at(0);
[01;32m[K                                                       ^[m[K
In file included from [01m[K/opt/ros/kinetic/include/opencv-3.2.0-dev/opencv2/core.hpp:58:0[m[K,
                 from [01m[K/opt/ros/kinetic/include/opencv-3.2.0-dev/opencv2/core/core.hpp:48[m[K,
                 from [01m[K/opt/ros/kinetic/include/cv_bridge/cv_bridge.h:43[m[K,
                 from [01m[K/home/joaquin/catkin_ws/src/second/src/image_aruco_test.cpp:3[m[K:
[01m[K/opt/ros/kinetic/include/opencv-3.2.0-dev/opencv2/core/types.hpp:1278:14:[m[K [01;36m[Knote: [m[Kcandidate: template<class _Tp> cv::Point3_<_Tp> cv::operator*(const cv::Matx<_Tp, 3, 3>&, const cv::Point_<_Tp>&)
 Point3_<_Tp> operator * (const Matx<_Tp, 3, 3>& a, const Point_<_Tp>& b)
[01;32m[K              ^[m[K
[01m[K/opt/ros/kinetic/include/opencv-3.2.0-dev/opencv2/core/types.hpp:1278:14:[m[K [01;36m[Knote: [m[K  template argument deduction/substitution failed:
[01m[K/home/joaquin/catkin_ws/src/second/src/image_aruco_test.cpp:87:55:[m[K [01;36m[Knote: [m[K  â€˜[01m[Kcv::MatExpr[m[Kâ€™ is not derived from â€˜[01m[Kconst cv::Matx<_Tp, 3, 3>[m[Kâ€™
     xx = rot_mat.t()*xx_prime - rot_mat.t()*tvecs.at(0);
[01;32m[K                                                       ^[m[K
In file included from [01m[K/opt/ros/kinetic/include/opencv-3.2.0-dev/opencv2/core.hpp:58:0[m[K,
                 from [01m[K/opt/ros/kinetic/include/opencv-3.2.0-dev/opencv2/core/core.hpp:48[m[K,
                 from [01m[K/opt/ros/kinetic/include/cv_bridge/cv_bridge.h:43[m[K,
                 from [01m[K/home/joaquin/catkin_ws/src/second/src/image_aruco_test.cpp:3[m[K:
[01m[K/opt/ros/kinetic/include/opencv-3.2.0-dev/opencv2/core/types.hpp:1271:13:[m[K [01;36m[Knote: [m[Kcandidate: template<class _Tp> cv::Point_<_Tp> cv::operator*(const cv::Matx<_Tp, 2, 2>&, const cv::Point_<_Tp>&)
 Point_<_Tp> operator * (const Matx<_Tp, 2, 2>& a, const Point_<_Tp>& b)
[01;32m[K             ^[m[K
[01m[K/opt/ros/kinetic/include/opencv-3.2.0-dev/opencv2/core/types.hpp:1271:13:[m[K [01;36m[Knote: [m[K  template argument deduction/substitution failed:
[01m[K/home/joaquin/catkin_ws/src/second/src/image_aruco_test.cpp:87:55:[m[K [01;36m[Knote: [m[K  â€˜[01m[Kcv::MatExpr[m[Kâ€™ is not derived from â€˜[01m[Kconst cv::Matx<_Tp, 2, 2>[m[Kâ€™
     xx = rot_mat.t()*xx_prime - rot_mat.t()*tvecs.at(0);
[01;32m[K                                                       ^[m[K
In file included from [01m[K/opt/ros/kinetic/include/opencv-3.2.0-dev/opencv2/core.hpp:58:0[m[K,
                 from [01m[K/opt/ros/kinetic/include/opencv-3.2.0-dev/opencv2/core/core.hpp:48[m[K,
                 from [01m[K/opt/ros/kinetic/include/cv_bridge/cv_bridge.h:43[m[K,
                 from [01m[K/home/joaquin/catkin_ws/src/second/src/image_aruco_test.cpp:3[m[K:
[01m[K/opt/ros/kinetic/include/opencv-3.2.0-dev/opencv2/core/types.hpp:1265:13:[m[K [01;36m[Knote: [m[Kcandidate: template<class _Tp> cv::Point_<_Tp> cv::operator*(double, const cv::Point_<_Tp>&)
 Point_<_Tp> operator * (double a, const Point_<_Tp>& b)
[01;32m[K             ^[m[K
[01m[K/opt/ros/kinetic/include/opencv-3.2.0-dev/opencv2/core/types.hpp:1265:13:[m[K [01;36m[Knote: [m[K  template argument deduction/substitution failed:
[01m[K/home/joaquin/catkin_ws/src/second/src/image_aruco_test.cpp:87:42:[m[K [01;36m[Knote: [m[K  cannot convert â€˜[01m[Kcv::Mat::t() const()[m[Kâ€™ (type â€˜[01m[Kcv::MatExpr[m[Kâ€™) to type â€˜[01m[Kdouble[m[Kâ€™
     xx = rot_mat.t()*xx_prime - rot_mat.t()*tvecs.at(0);
[01;32m[K                                          ^[m[K
In file included from [01m[K/opt/ros/kinetic/include/opencv-3.2.0-dev/opencv2/core.hpp:58:0[m[K,
                 from [01m[K/opt/ros/kinetic/include/opencv-3.2.0-dev/opencv2/core/core.hpp:48[m[K,
                 from [01m[K/opt/ros/kinetic/include/cv_bridge/cv_bridge.h:43[m[K,
                 from [01m[K/home/joaquin/catkin_ws/src/second/src/image_aruco_test.cpp:3[m[K:
[01m[K/opt/ros/kinetic/include/opencv-3.2.0-dev/opencv2/core/types.hpp:1259:13:[m[K [01;36m[Knote: [m[Kcandidate: template<class _Tp> cv::Point_<_Tp> cv::operator*(const cv::Point_<_Tp>&, double)
 Point_<_Tp> operator * (const Point_<_Tp>& a, double b)
[01;32m[K             ^[m[K
[01m[K/opt/ros/kinetic/include/opencv-3.2.0-dev/opencv2/core/types.hpp:1259:13:[m[K [01;36m[Knote: [m[K  template argument deduction/substitution failed:
[01m[K/home/joaquin/catkin_ws/src/second/src/image_aruco_test.cpp:87:55:[m[K [01;36m[Knote: [m[K  â€˜[01m[Kcv::MatExpr[m[Kâ€™ is not derived from â€˜[01m[Kconst cv::Point_<_Tp>[m[Kâ€™
     xx = rot_mat.t()*xx_prime - rot_mat.t()*tvecs.at(0);
[01;32m[K                                                       ^[m[K
In file included from [01m[K/opt/ros/kinetic/include/opencv-3.2.0-dev/opencv2/core.hpp:58:0[m[K,
                 from [01m[K/opt/ros/kinetic/include/opencv-3.2.0-dev/opencv2/core/core.hpp:48[m[K,
                 from [01m[K/opt/ros/kinetic/include/cv_bridge/cv_bridge.h:43[m[K,
                 from [01m[K/home/joaquin/catkin_ws/src/second/src/image_aruco_test.cpp:3[m[K:
[01m[K/opt/ros/kinetic/include/opencv-3.2.0-dev/opencv2/core/types.hpp:1253:13:[m[K [01;36m[Knote: [m[Kcandidate: template<class _Tp> cv::Point_<_Tp> cv::operator*(float, const cv::Point_<_Tp>&)
 Point_<_Tp> operator * (float a, const Point_<_Tp>& b)
[01;32m[K             ^[m[K
[01m[K/opt/ros/kinetic/include/opencv-3.2.0-dev/opencv2/core/types.hpp:1253:13:[m[K [01;36m[Knote: [m[K  template argument deduction/substitution failed:
[01m[K/home/joaquin/catkin_ws/src/second/src/image_aruco_test.cpp:87:42:[m[K [01;36m[Knote: [m[K  cannot convert â€˜[01m[Kcv::Mat::t() const()[m[Kâ€™ (type â€˜[01m[Kcv::MatExpr[m[Kâ€™) to type â€˜[01m[Kfloat[m[Kâ€™
     xx = rot_mat.t()*xx_prime - rot_mat.t()*tvecs.at(0);
[01;32m[K                                          ^[m[K
In file included from [01m[K/opt/ros/kinetic/include/opencv-3.2.0-dev/opencv2/core.hpp:58:0[m[K,
                 from [01m[K/opt/ros/kinetic/include/opencv-3.2.0-dev/opencv2/core/core.hpp:48[m[K,
                 from [01m[K/opt/ros/kinetic/include/cv_bridge/cv_bridge.h:43[m[K,
                 from [01m[K/home/joaquin/catkin_ws/src/second/src/image_aruco_test.cpp:3[m[K:
[01m[K/opt/ros/kinetic/include/opencv-3.2.0-dev/opencv2/core/types.hpp:1247:13:[m[K [01;36m[Knote: [m[Kcandidate: template<class _Tp> cv::Point_<_Tp> cv::operator*(const cv::Point_<_Tp>&, float)
 Point_<_Tp> operator * (const Point_<_Tp>& a, float b)
[01;32m[K             ^[m[K
[01m[K/opt/ros/kinetic/include/opencv-3.2.0-dev/opencv2/core/types.hpp:1247:13:[m[K [01;36m[Knote: [m[K  template argument deduction/substitution failed:
[01m[K/home/joaquin/catkin_ws/src/second/src/image_aruco_test.cpp:87:55:[m[K [01;36m[Knote: [m[K  â€˜[01m[Kcv::MatExpr[m[Kâ€™ is not derived from â€˜[01m[Kconst cv::Point_<_Tp>[m[Kâ€™
     xx = rot_mat.t()*xx_prime - rot_mat.t()*tvecs.at(0);
[01;32m[K                                                       ^[m[K
In file included from [01m[K/opt/ros/kinetic/include/opencv-3.2.0-dev/opencv2/core.hpp:58:0[m[K,
                 from [01m[K/opt/ros/kinetic/include/opencv-3.2.0-dev/opencv2/core/core.hpp:48[m[K,
                 from [01m[K/opt/ros/kinetic/include/cv_bridge/cv_bridge.h:43[m[K,
                 from [01m[K/home/joaquin/catkin_ws/src/second/src/image_aruco_test.cpp:3[m[K:
[01m[K/opt/ros/kinetic/include/opencv-3.2.0-dev/opencv2/core/types.hpp:1241:13:[m[K [01;36m[Knote: [m[Kcandidate: template<class _Tp> cv::Point_<_Tp> cv::operator*(int, const cv::Point_<_Tp>&)
 Point_<_Tp> operator * (int a, const Point_<_Tp>& b)
[01;32m[K             ^[m[K
[01m[K/opt/ros/kinetic/include/opencv-3.2.0-dev/opencv2/core/types.hpp:1241:13:[m[K [01;36m[Knote: [m[K  template argument deduction/substitution failed:
[01m[K/home/joaquin/catkin_ws/src/second/src/image_aruco_test.cpp:87:42:[m[K [01;36m[Knote: [m[K  cannot convert â€˜[01m[Kcv::Mat::t() const()[m[Kâ€™ (type â€˜[01m[Kcv::MatExpr[m[Kâ€™) to type â€˜[01m[Kint[m[Kâ€™
     xx = rot_mat.t()*xx_prime - rot_mat.t()*tvecs.at(0);
[01;32m[K                                          ^[m[K
In file included from [01m[K/opt/ros/kinetic/include/opencv-3.2.0-dev/opencv2/core.hpp:58:0[m[K,
                 from [01m[K/opt/ros/kinetic/include/opencv-3.2.0-dev/opencv2/core/core.hpp:48[m[K,
                 from [01m[K/opt/ros/kinetic/include/cv_bridge/cv_bridge.h:43[m[K,
                 from [01m[K/home/joaquin/catkin_ws/src/second/src/image_aruco_test.cpp:3[m[K:
[01m[K/opt/ros/kinetic/include/opencv-3.2.0-dev/opencv2/core/types.hpp:1235:13:[m[K [01;36m[Knote: [m[Kcandidate: template<class _Tp> cv::Point_<_Tp> cv::operator*(const cv::Point_<_Tp>&, int)
 Point_<_Tp> operator * (const Point_<_Tp>& a, int b)
[01;32m[K             ^[m[K
[01m[K/opt/ros/kinetic/include/opencv-3.2.0-dev/opencv2/core/types.hpp:1235:13:[m[K [01;36m[Knote: [m[K  template argument deduction/substitution failed:
[01m[K/home/joaquin/catkin_ws/src/second/src/image_aruco_test.cpp:87:55:[m[K [01;36m[Knote: [m[K  â€˜[01m[Kcv::MatExpr[m[Kâ€™ is not derived from â€˜[01m[Kconst cv::Point_<_Tp>[m[Kâ€™
     xx = rot_mat.t()*xx_prime - rot_mat.t()*tvecs.at(0);
[01;32m[K                                                       ^[m[K
In file included from [01m[K/opt/ros/kinetic/include/opencv-3.2.0-dev/opencv2/core.hpp:58:0[m[K,
                 from [01m[K/opt/ros/kinetic/include/opencv-3.2.0-dev/opencv2/core/core.hpp:48[m[K,
                 from [01m[K/opt/ros/kinetic/include/cv_bridge/cv_bridge.h:43[m[K,
                 from [01m[K/home/joaquin/catkin_ws/src/second/src/image_aruco_test.cpp:3[m[K:
[01m[K/opt/ros/kinetic/include/opencv-3.2.0-dev/opencv2/core/types.hpp:981:14:[m[K [01;36m[Knote: [m[Kcandidate: template<class _Tp> cv::Complex<_Tp> cv::operator*(_Tp, const cv::Complex<_Tp>&)
 Complex<_Tp> operator * (_Tp b, const Complex<_Tp>& a)
[01;32m[K              ^[m[K
[01m[K/opt/ros/kinetic/include/opencv-3.2.0-dev/opencv2/core/types.hpp:981:14:[m[K [01;36m[Knote: [m[K  template argument deduction/substitution failed:
[01m[K/home/joaquin/catkin_ws/src/second/src/image_aruco_test.cpp:87:55:[m[K [01;36m[Knote: [m[K  â€˜[01m[K__gnu_cxx::__alloc_traits<std::allocator<cv::Vec<double, 3> > >::value_type {aka cv::Vec<double, 3>}[m[Kâ€™ is not derived from â€˜[01m[Kconst cv::Complex<_Tp>[m[Kâ€™
     xx = rot_mat.t()*xx_prime - rot_mat.t()*tvecs.at(0);
[01;32m[K                                                       ^[m[K
In file included from [01m[K/opt/ros/kinetic/include/opencv-3.2.0-dev/opencv2/core.hpp:58:0[m[K,
                 from [01m[K/opt/ros/kinetic/include/opencv-3.2.0-dev/opencv2/core/core.hpp:48[m[K,
                 from [01m[K/opt/ros/kinetic/include/cv_bridge/cv_bridge.h:43[m[K,
                 from [01m[K/home/joaquin/catkin_ws/src/second/src/image_aruco_test.cpp:3[m[K:
[01m[K/opt/ros/kinetic/include/opencv-3.2.0-dev/opencv2/core/types.hpp:975:14:[m[K [01;36m[Knote: [m[Kcandidate: template<class _Tp> cv::Complex<_Tp> cv::operator*(const cv::Complex<_Tp>&, _Tp)
 Complex<_Tp> operator * (const Complex<_Tp>& a, _Tp b)
[01;32m[K              ^[m[K
[01m[K/opt/ros/kinetic/include/opencv-3.2.0-dev/opencv2/core/types.hpp:975:14:[m[K [01;36m[Knote: [m[K  template argument deduction/substitution failed:
[01m[K/home/joaquin/catkin_ws/src/second/src/image_aruco_test.cpp:87:55:[m[K [01;36m[Knote: [m[K  â€˜[01m[Kcv::MatExpr[m[Kâ€™ is not derived from â€˜[01m[Kconst cv::Complex<_Tp>[m[Kâ€™
     xx = rot_mat.t()*xx_prime - rot_mat.t()*tvecs.at(0);
[01;32m[K                                                       ^[m[K
In file included from [01m[K/opt/ros/kinetic/include/opencv-3.2.0-dev/opencv2/core.hpp:58:0[m[K,
                 from [01m[K/opt/ros/kinetic/include/opencv-3.2.0-dev/opencv2/core/core.hpp:48[m[K,
                 from [01m[K/opt/ros/kinetic/include/cv_bridge/cv_bridge.h:43[m[K,
                 from [01m[K/home/joaquin/catkin_ws/src/second/src/image_aruco_test.cpp:3[m[K:
[01m[K/opt/ros/kinetic/include/opencv-3.2.0-dev/opencv2/core/types.hpp:969:14:[m[K [01;36m[Knote: [m[Kcandidate: template<class _Tp> cv::Complex<_Tp> cv::operator*(const cv::Complex<_Tp>&, const cv::Complex<_Tp>&)
 Complex<_Tp> operator * (const Complex<_Tp>& a, const Complex<_Tp>& b)
[01;32m[K              ^[m[K
[01m[K/opt/ros/kinetic/include/opencv-3.2.0-dev/opencv2/core/types.hpp:969:14:[m[K [01;36m[Knote: [m[K  template argument deduction/substitution failed:
[01m[K/home/joaquin/catkin_ws/src/second/src/image_aruco_test.cpp:87:55:[m[K [01;36m[Knote: [m[K  â€˜[01m[Kcv::MatExpr[m[Kâ€™ is not derived from â€˜[01m[Kconst cv::Complex<_Tp>[m[Kâ€™
     xx = rot_mat.t()*xx_prime - rot_mat.t()*tvecs.at(0);
[01;32m[K                                                       ^[m[K
In file included from [01m[K/opt/ros/kinetic/include/opencv-3.2.0-dev/opencv2/core.hpp:57:0[m[K,
                 from [01m[K/opt/ros/kinetic/include/opencv-3.2.0-dev/opencv2/core/core.hpp:48[m[K,
                 from [01m[K/opt/ros/kinetic/include/cv_bridge/cv_bridge.h:43[m[K,
                 from [01m[K/home/joaquin/catkin_ws/src/second/src/image_aruco_test.cpp:3[m[K:
[01m[K/opt/ros/kinetic/include/opencv-3.2.0-dev/opencv2/core/matx.hpp:1389:43:[m[K [01;36m[Knote: [m[Kcandidate: template<class _Tp> cv::Vec<_Tp, 4> cv::operator*(const cv::Vec<_Tp, 4>&, const cv::Vec<_Tp, 4>&)
 template<typename _Tp> inline Vec<_Tp, 4> operator * (const Vec<_Tp, 4>& v1, const Vec<_Tp, 4>& v2)
[01;32m[K                                           ^[m[K
[01m[K/opt/ros/kinetic/include/opencv-3.2.0-dev/opencv2/core/matx.hpp:1389:43:[m[K [01;36m[Knote: [m[K  template argument deduction/substitution failed:
[01m[K/home/joaquin/catkin_ws/src/second/src/image_aruco_test.cpp:87:55:[m[K [01;36m[Knote: [m[K  â€˜[01m[Kcv::MatExpr[m[Kâ€™ is not derived from â€˜[01m[Kconst cv::Vec<_Tp, 4>[m[Kâ€™
     xx = rot_mat.t()*xx_prime - rot_mat.t()*tvecs.at(0);
[01;32m[K                                                       ^[m[K
In file included from [01m[K/opt/ros/kinetic/include/opencv-3.2.0-dev/opencv2/core.hpp:57:0[m[K,
                 from [01m[K/opt/ros/kinetic/include/opencv-3.2.0-dev/opencv2/core/core.hpp:48[m[K,
                 from [01m[K/opt/ros/kinetic/include/cv_bridge/cv_bridge.h:43[m[K,
                 from [01m[K/home/joaquin/catkin_ws/src/second/src/image_aruco_test.cpp:3[m[K:
[01m[K/opt/ros/kinetic/include/opencv-3.2.0-dev/opencv2/core/matx.hpp:1358:14:[m[K [01;36m[Knote: [m[Kcandidate: template<class _Tp, int cn> cv::Vec<_Tp, m> cv::operator*(double, const cv::Vec<_Tp, m>&)
 Vec<_Tp, cn> operator * (double alpha, const Vec<_Tp, cn>& a)
[01;32m[K              ^[m[K
[01m[K/opt/ros/kinetic/include/opencv-3.2.0-dev/opencv2/core/matx.hpp:1358:14:[m[K [01;36m[Knote: [m[K  template argument deduction/substitution failed:
[01m[K/home/joaquin/catkin_ws/src/second/src/image_aruco_test.cpp:87:42:[m[K [01;36m[Knote: [m[K  cannot convert â€˜[01m[Kcv::Mat::t() const()[m[Kâ€™ (type â€˜[01m[Kcv::MatExpr[m[Kâ€™) to type â€˜[01m[Kdouble[m[Kâ€™
     xx = rot_mat.t()*xx_prime - rot_mat.t()*tvecs.at(0);
[01;32m[K                                          ^[m[K
In file included from [01m[K/opt/ros/kinetic/include/opencv-3.2.0-dev/opencv2/core.hpp:57:0[m[K,
                 from [01m[K/opt/ros/kinetic/include/opencv-3.2.0-dev/opencv2/core/core.hpp:48[m[K,
                 from [01m[K/opt/ros/kinetic/include/cv_bridge/cv_bridge.h:43[m[K,
                 from [01m[K/home/joaquin/catkin_ws/src/second/src/image_aruco_test.cpp:3[m[K:
[01m[K/opt/ros/kinetic/include/opencv-3.2.0-dev/opencv2/core/matx.hpp:1352:14:[m[K [01;36m[Knote: [m[Kcandidate: template<class _Tp, int cn> cv::Vec<_Tp, m> cv::operator*(const cv::Vec<_Tp, m>&, double)
 Vec<_Tp, cn> operator * (const Vec<_Tp, cn>& a, double alpha)
[01;32m[K              ^[m[K
[01m[K/opt/ros/kinetic/include/opencv-3.2.0-dev/opencv2/core/matx.hpp:1352:14:[m[K [01;36m[Knote: [m[K  template argument deduction/substitution failed:
[01m[K/home/joaquin/catkin_ws/src/second/src/image_aruco_test.cpp:87:55:[m[K [01;36m[Knote: [m[K  â€˜[01m[Kcv::MatExpr[m[Kâ€™ is not derived from â€˜[01m[Kconst cv::Vec<_Tp, m>[m[Kâ€™
     xx = rot_mat.t()*xx_prime - rot_mat.t()*tvecs.at(0);
[01;32m[K                                                       ^[m[K
In file included from [01m[K/opt/ros/kinetic/include/opencv-3.2.0-dev/opencv2/core.hpp:57:0[m[K,
                 from [01m[K/opt/ros/kinetic/include/opencv-3.2.0-dev/opencv2/core/core.hpp:48[m[K,
                 from [01m[K/opt/ros/kinetic/include/cv_bridge/cv_bridge.h:43[m[K,
                 from [01m[K/home/joaquin/catkin_ws/src/second/src/image_aruco_test.cpp:3[m[K:
[01m[K/opt/ros/kinetic/include/opencv-3.2.0-dev/opencv2/core/matx.hpp:1346:14:[m[K [01;36m[Knote: [m[Kcandidate: template<class _Tp, int cn> cv::Vec<_Tp, m> cv::operator*(float, const cv::Vec<_Tp, m>&)
 Vec<_Tp, cn> operator * (float alpha, const Vec<_Tp, cn>& a)
[01;32m[K              ^[m[K
[01m[K/opt/ros/kinetic/include/opencv-3.2.0-dev/opencv2/core/matx.hpp:1346:14:[m[K [01;36m[Knote: [m[K  template argument deduction/substitution failed:
[01m[K/home/joaquin/catkin_ws/src/second/src/image_aruco_test.cpp:87:42:[m[K [01;36m[Knote: [m[K  cannot convert â€˜[01m[Kcv::Mat::t() const()[m[Kâ€™ (type â€˜[01m[Kcv::MatExpr[m[Kâ€™) to type â€˜[01m[Kfloat[m[Kâ€™
     xx = rot_mat.t()*xx_prime - rot_mat.t()*tvecs.at(0);
[01;32m[K                                          ^[m[K
In file included from [01m[K/opt/ros/kinetic/include/opencv-3.2.0-dev/opencv2/core.hpp:57:0[m[K,
                 from [01m[K/opt/ros/kinetic/include/opencv-3.2.0-dev/opencv2/core/core.hpp:48[m[K,
                 from [01m[K/opt/ros/kinetic/include/cv_bridge/cv_bridge.h:43[m[K,
                 from [01m[K/home/joaquin/catkin_ws/src/second/src/image_aruco_test.cpp:3[m[K:
[01m[K/opt/ros/kinetic/include/opencv-3.2.0-dev/opencv2/core/matx.hpp:1340:14:[m[K [01;36m[Knote: [m[Kcandidate: template<class _Tp, int cn> cv::Vec<_Tp, m> cv::operator*(const cv::Vec<_Tp, m>&, float)
 Vec<_Tp, cn> operator * (const Vec<_Tp, cn>& a, float alpha)
[01;32m[K              ^[m[K
[01m[K/opt/ros/kinetic/include/opencv-3.2.0-dev/opencv2/core/matx.hpp:1340:14:[m[K [01;36m[Knote: [m[K  template argument deduction/substitution failed:
[01m[K/home/joaquin/catkin_ws/src/second/src/image_aruco_test.cpp:87:55:[m[K [01;36m[Knote: [m[K  â€˜[01m[Kcv::MatExpr[m[Kâ€™ is not derived from â€˜[01m[Kconst cv::Vec<_Tp, m>[m[Kâ€™
     xx = rot_mat.t()*xx_prime - rot_mat.t()*tvecs.at(0);
[01;32m[K                                                       ^[m[K
In file included from [01m[K/opt/ros/kinetic/include/opencv-3.2.0-dev/opencv2/core.hpp:57:0[m[K,
                 from [01m[K/opt/ros/kinetic/include/opencv-3.2.0-dev/opencv2/core/core.hpp:48[m[K,
                 from [01m[K/opt/ros/kinetic/include/cv_bridge/cv_bridge.h:43[m[K,
                 from [01m[K/home/joaquin/catkin_ws/src/second/src/image_aruco_test.cpp:3[m[K:
[01m[K/opt/ros/kinetic/include/opencv-3.2.0-dev/opencv2/core/matx.hpp:1334:14:[m[K [01;36m[Knote: [m[Kcandidate: template<class _Tp, int cn> cv::Vec<_Tp, m> cv::operator*(int, const cv::Vec<_Tp, m>&)
 Vec<_Tp, cn> operator * (int alpha, const Vec<_Tp, cn>& a)
[01;32m[K              ^[m[K
[01m[K/opt/ros/kinetic/include/opencv-3.2.0-dev/opencv2/core/matx.hpp:1334:14:[m[K [01;36m[Knote: [m[K  template argument deduction/substitution failed:
[01m[K/home/joaquin/catkin_ws/src/second/src/image_aruco_test.cpp:87:42:[m[K [01;36m[Knote: [m[K  cannot convert â€˜[01m[Kcv::Mat::t() const()[m[Kâ€™ (type â€˜[01m[Kcv::MatExpr[m[Kâ€™) to type â€˜[01m[Kint[m[Kâ€™
     xx = rot_mat.t()*xx_prime - rot_mat.t()*tvecs.at(0);
[01;32m[K                                          ^[m[K
In file included from [01m[K/opt/ros/kinetic/include/opencv-3.2.0-dev/opencv2/core.hpp:57:0[m[K,
                 from [01m[K/opt/ros/kinetic/include/opencv-3.2.0-dev/opencv2/core/core.hpp:48[m[K,
                 from [01m[K/opt/ros/kinetic/include/cv_bridge/cv_bridge.h:43[m[K,
                 from [01m[K/home/joaquin/catkin_ws/src/second/src/image_aruco_test.cpp:3[m[K:
[01m[K/opt/ros/kinetic/include/opencv-3.2.0-dev/opencv2/core/matx.hpp:1328:14:[m[K [01;36m[Knote: [m[Kcandidate: template<class _Tp, int cn> cv::Vec<_Tp, m> cv::operator*(const cv::Vec<_Tp, m>&, int)
 Vec<_Tp, cn> operator * (const Vec<_Tp, cn>& a, int alpha)
[01;32m[K              ^[m[K
[01m[K/opt/ros/kinetic/include/opencv-3.2.0-dev/opencv2/core/matx.hpp:1328:14:[m[K [01;36m[Knote: [m[K  template argument deduction/substitution failed:
[01m[K/home/joaquin/catkin_ws/src/second/src/image_aruco_test.cpp:87:55:[m[K [01;36m[Knote: [m[K  â€˜[01m[Kcv::MatExpr[m[Kâ€™ is not derived from â€˜[01m[Kconst cv::Vec<_Tp, m>[m[Kâ€™
     xx = rot_mat.t()*xx_prime - rot_mat.t()*tvecs.at(0);
[01;32m[K                                                       ^[m[K
In file included from [01m[K/opt/ros/kinetic/include/opencv-3.2.0-dev/opencv2/core.hpp:57:0[m[K,
                 from [01m[K/opt/ros/kinetic/include/opencv-3.2.0-dev/opencv2/core/core.hpp:48[m[K,
                 from [01m[K/opt/ros/kinetic/include/cv_bridge/cv_bridge.h:43[m[K,
                 from [01m[K/home/joaquin/catkin_ws/src/second/src/image_aruco_test.cpp:3[m[K:
[01m[K/opt/ros/kinetic/include/opencv-3.2.0-dev/opencv2/core/matx.hpp:1221:13:[m[K [01;36m[Knote: [m[Kcandidate: template<class _Tp, int m, int n> cv::Vec<_Tp, m> cv::operator*(const cv::Matx<_Tp, m, n>&, const cv::Vec<_Tp, n>&)
 Vec<_Tp, m> operator * (const Matx<_Tp, m, n>& a, const Vec<_Tp, n>& b)
[01;32m[K             ^[m[K
[01m[K/opt/ros/kinetic/include/opencv-3.2.0-dev/opencv2/core/matx.hpp:1221:13:[m[K [01;36m[Knote: [m[K  template argument deduction/substitution failed:
[01m[K/home/joaquin/catkin_ws/src/second/src/image_aruco_test.cpp:87:55:[m[K [01;36m[Knote: [m[K  â€˜[01m[Kcv::MatExpr[m[Kâ€™ is not derived from â€˜[01m[Kconst cv::Matx<_Tp, m, n>[m[Kâ€™
     xx = rot_mat.t()*xx_prime - rot_mat.t()*tvecs.at(0);
[01;32m[K                                                       ^[m[K
In file included from [01m[K/opt/ros/kinetic/include/opencv-3.2.0-dev/opencv2/core.hpp:57:0[m[K,
                 from [01m[K/opt/ros/kinetic/include/opencv-3.2.0-dev/opencv2/core/core.hpp:48[m[K,
                 from [01m[K/opt/ros/kinetic/include/cv_bridge/cv_bridge.h:43[m[K,
                 from [01m[K/home/joaquin/catkin_ws/src/second/src/image_aruco_test.cpp:3[m[K:
[01m[K/opt/ros/kinetic/include/opencv-3.2.0-dev/opencv2/core/matx.hpp:1215:17:[m[K [01;36m[Knote: [m[Kcandidate: template<class _Tp, int m, int n, int l> cv::Matx<_Tp, m, n> cv::operator*(const cv::Matx<_Tp, m, l>&, const cv::Matx<_Tp, l, n>&)
 Matx<_Tp, m, n> operator * (const Matx<_Tp, m, l>& a, const Matx<_Tp, l, n>& b)
[01;32m[K                 ^[m[K
[01m[K/opt/ros/kinetic/include/opencv-3.2.0-dev/opencv2/core/matx.hpp:1215:17:[m[K [01;36m[Knote: [m[K  template argument deduction/substitution failed:
[01m[K/home/joaquin/catkin_ws/src/second/src/image_aruco_test.cpp:87:55:[m[K [01;36m[Knote: [m[K  â€˜[01m[Kcv::MatExpr[m[Kâ€™ is not derived from â€˜[01m[Kconst cv::Matx<_Tp, m, l>[m[Kâ€™
     xx = rot_mat.t()*xx_prime - rot_mat.t()*tvecs.at(0);
[01;32m[K                                                       ^[m[K
In file included from [01m[K/opt/ros/kinetic/include/opencv-3.2.0-dev/opencv2/core.hpp:57:0[m[K,
                 from [01m[K/opt/ros/kinetic/include/opencv-3.2.0-dev/opencv2/core/core.hpp:48[m[K,
                 from [01m[K/opt/ros/kinetic/include/cv_bridge/cv_bridge.h:43[m[K,
                 from [01m[K/home/joaquin/catkin_ws/src/second/src/image_aruco_test.cpp:3[m[K:
[01m[K/opt/ros/kinetic/include/opencv-3.2.0-dev/opencv2/core/matx.hpp:1203:17:[m[K [01;36m[Knote: [m[Kcandidate: template<class _Tp, int m, int n> cv::Matx<_Tp, m, n> cv::operator*(double, const cv::Matx<_Tp, m, n>&)
 Matx<_Tp, m, n> operator * (double alpha, const Matx<_Tp, m, n>& a)
[01;32m[K                 ^[m[K
[01m[K/opt/ros/kinetic/include/opencv-3.2.0-dev/opencv2/core/matx.hpp:1203:17:[m[K [01;36m[Knote: [m[K  template argument deduction/substitution failed:
[01m[K/home/joaquin/catkin_ws/src/second/src/image_aruco_test.cpp:87:42:[m[K [01;36m[Knote: [m[K  cannot convert â€˜[01m[Kcv::Mat::t() const()[m[Kâ€™ (type â€˜[01m[Kcv::MatExpr[m[Kâ€™) to type â€˜[01m[Kdouble[m[Kâ€™
     xx = rot_mat.t()*xx_prime - rot_mat.t()*tvecs.at(0);
[01;32m[K                                          ^[m[K
In file included from [01m[K/opt/ros/kinetic/include/opencv-3.2.0-dev/opencv2/core.hpp:57:0[m[K,
                 from [01m[K/opt/ros/kinetic/include/opencv-3.2.0-dev/opencv2/core/core.hpp:48[m[K,
                 from [01m[K/opt/ros/kinetic/include/cv_bridge/cv_bridge.h:43[m[K,
                 from [01m[K/home/joaquin/catkin_ws/src/second/src/image_aruco_test.cpp:3[m[K:
[01m[K/opt/ros/kinetic/include/opencv-3.2.0-dev/opencv2/core/matx.hpp:1197:17:[m[K [01;36m[Knote: [m[Kcandidate: template<class _Tp, int m, int n> cv::Matx<_Tp, m, n> cv::operator*(float, const cv::Matx<_Tp, m, n>&)
 Matx<_Tp, m, n> operator * (float alpha, const Matx<_Tp, m, n>& a)
[01;32m[K                 ^[m[K
[01m[K/opt/ros/kinetic/include/opencv-3.2.0-dev/opencv2/core/matx.hpp:1197:17:[m[K [01;36m[Knote: [m[K  template argument deduction/substitution failed:
[01m[K/home/joaquin/catkin_ws/src/second/src/image_aruco_test.cpp:87:42:[m[K [01;36m[Knote: [m[K  cannot convert â€˜[01m[Kcv::Mat::t() const()[m[Kâ€™ (type â€˜[01m[Kcv::MatExpr[m[Kâ€™) to type â€˜[01m[Kfloat[m[Kâ€™
     xx = rot_mat.t()*xx_prime - rot_mat.t()*tvecs.at(0);
[01;32m[K                                          ^[m[K
In file included from [01m[K/opt/ros/kinetic/include/opencv-3.2.0-dev/opencv2/core.hpp:57:0[m[K,
                 from [01m[K/opt/ros/kinetic/include/opencv-3.2.0-dev/opencv2/core/core.hpp:48[m[K,
                 from [01m[K/opt/ros/kinetic/include/cv_bridge/cv_bridge.h:43[m[K,
                 from [01m[K/home/joaquin/catkin_ws/src/second/src/image_aruco_test.cpp:3[m[K:
[01m[K/opt/ros/kinetic/include/opencv-3.2.0-dev/opencv2/core/matx.hpp:1191:17:[m[K [01;36m[Knote: [m[Kcandidate: template<class _Tp, int m, int n> cv::Matx<_Tp, m, n> cv::operator*(int, const cv::Matx<_Tp, m, n>&)
 Matx<_Tp, m, n> operator * (int alpha, const Matx<_Tp, m, n>& a)
[01;32m[K                 ^[m[K
[01m[K/opt/ros/kinetic/include/opencv-3.2.0-dev/opencv2/core/matx.hpp:1191:17:[m[K [01;36m[Knote: [m[K  template argument deduction/substitution failed:
[01m[K/home/joaquin/catkin_ws/src/second/src/image_aruco_test.cpp:87:42:[m[K [01;36m[Knote: [m[K  cannot convert â€˜[01m[Kcv::Mat::t() const()[m[Kâ€™ (type â€˜[01m[Kcv::MatExpr[m[Kâ€™) to type â€˜[01m[Kint[m[Kâ€™
     xx = rot_mat.t()*xx_prime - rot_mat.t()*tvecs.at(0);
[01;32m[K                                          ^[m[K
In file included from [01m[K/opt/ros/kinetic/include/opencv-3.2.0-dev/opencv2/core.hpp:57:0[m[K,
                 from [01m[K/opt/ros/kinetic/include/opencv-3.2.0-dev/opencv2/core/core.hpp:48[m[K,
                 from [01m[K/opt/ros/kinetic/include/cv_bridge/cv_bridge.h:43[m[K,
                 from [01m[K/home/joaquin/catkin_ws/src/second/src/image_aruco_test.cpp:3[m[K:
[01m[K/opt/ros/kinetic/include/opencv-3.2.0-dev/opencv2/core/matx.hpp:1185:17:[m[K [01;36m[Knote: [m[Kcandidate: template<class _Tp, int m, int n> cv::Matx<_Tp, m, n> cv::operator*(const cv::Matx<_Tp, m, n>&, double)
 Matx<_Tp, m, n> operator * (const Matx<_Tp, m, n>& a, double alpha)
[01;32m[K                 ^[m[K
[01m[K/opt/ros/kinetic/include/opencv-3.2.0-dev/opencv2/core/matx.hpp:1185:17:[m[K [01;36m[Knote: [m[K  template argument deduction/substitution failed:
[01m[K/home/joaquin/catkin_ws/src/second/src/image_aruco_test.cpp:87:55:[m[K [01;36m[Knote: [m[K  â€˜[01m[Kcv::MatExpr[m[Kâ€™ is not derived from â€˜[01m[Kconst cv::Matx<_Tp, m, n>[m[Kâ€™
     xx = rot_mat.t()*xx_prime - rot_mat.t()*tvecs.at(0);
[01;32m[K                                                       ^[m[K
In file included from [01m[K/opt/ros/kinetic/include/opencv-3.2.0-dev/opencv2/core.hpp:57:0[m[K,
                 from [01m[K/opt/ros/kinetic/include/opencv-3.2.0-dev/opencv2/core/core.hpp:48[m[K,
                 from [01m[K/opt/ros/kinetic/include/cv_bridge/cv_bridge.h:43[m[K,
                 from [01m[K/home/joaquin/catkin_ws/src/second/src/image_aruco_test.cpp:3[m[K:
[01m[K/opt/ros/kinetic/include/opencv-3.2.0-dev/opencv2/core/matx.hpp:1179:17:[m[K [01;36m[Knote: [m[Kcandidate: template<class _Tp, int m, int n> cv::Matx<_Tp, m, n> cv::operator*(const cv::Matx<_Tp, m, n>&, float)
 Matx<_Tp, m, n> operator * (const Matx<_Tp, m, n>& a, float alpha)
[01;32m[K                 ^[m[K
[01m[K/opt/ros/kinetic/include/opencv-3.2.0-dev/opencv2/core/matx.hpp:1179:17:[m[K [01;36m[Knote: [m[K  template argument deduction/substitution failed:
[01m[K/home/joaquin/catkin_ws/src/second/src/image_aruco_test.cpp:87:55:[m[K [01;36m[Knote: [m[K  â€˜[01m[Kcv::MatExpr[m[Kâ€™ is not derived from â€˜[01m[Kconst cv::Matx<_Tp, m, n>[m[Kâ€™
     xx = rot_mat.t()*xx_prime - rot_mat.t()*tvecs.at(0);
[01;32m[K                                                       ^[m[K
In file included from [01m[K/opt/ros/kinetic/include/opencv-3.2.0-dev/opencv2/core.hpp:57:0[m[K,
                 from [01m[K/opt/ros/kinetic/include/opencv-3.2.0-dev/opencv2/core/core.hpp:48[m[K,
                 from [01m[K/opt/ros/kinetic/include/cv_bridge/cv_bridge.h:43[m[K,
                 from [01m[K/home/joaquin/catkin_ws/src/second/src/image_aruco_test.cpp:3[m[K:
[01m[K/opt/ros/kinetic/include/opencv-3.2.0-dev/opencv2/core/matx.hpp:1173:17:[m[K [01;36m[Knote: [m[Kcandidate: template<class _Tp, int m, int n> cv::Matx<_Tp, m, n> cv::operator*(const cv::Matx<_Tp, m, n>&, int)
 Matx<_Tp, m, n> operator * (const Matx<_Tp, m, n>& a, int alpha)
[01;32m[K                 ^[m[K
[01m[K/opt/ros/kinetic/include/opencv-3.2.0-dev/opencv2/core/matx.hpp:1173:17:[m[K [01;36m[Knote: [m[K  template argument deduction/substitution failed:
[01m[K/home/joaquin/catkin_ws/src/second/src/image_aruco_test.cpp:87:55:[m[K [01;36m[Knote: [m[K  â€˜[01m[Kcv::MatExpr[m[Kâ€™ is not derived from â€˜[01m[Kconst cv::Matx<_Tp, m, n>[m[Kâ€™
     xx = rot_mat.t()*xx_prime - rot_mat.t()*tvecs.at(0);
[01;32m[K                                                       ^[m[K
make[2]: *** [CMakeFiles/image_aruco_test.dir/src/image_aruco_test.cpp.o] Error 1
make[1]: *** [CMakeFiles/image_aruco_test.dir/all] Error 2
make: *** [all] Error 2
