[01m[K/home/joaquin/catkin_ws/src/second/src/velocity_test.cpp:[m[K In function â€˜[01m[Kint main(int, char**)[m[Kâ€™:
[01m[K/home/joaquin/catkin_ws/src/second/src/velocity_test.cpp:52:8:[m[K [01;31m[Kerror: [m[Kâ€˜[01m[Kcurrent_state[m[Kâ€™ was not declared in this scope
    if( current_state.mode != "OFFBOARD" &&
[01;32m[K        ^[m[K
[01m[K/home/joaquin/catkin_ws/src/second/src/velocity_test.cpp:53:25:[m[K [01;31m[Kerror: [m[Kâ€˜[01m[Klast_request[m[Kâ€™ was not declared in this scope
     (ros::Time::now() - last_request > ros::Duration(5.0))){
[01;32m[K                         ^[m[K
[01m[K/home/joaquin/catkin_ws/src/second/src/velocity_test.cpp:54:9:[m[K [01;31m[Kerror: [m[Kâ€˜[01m[Kset_mode_client[m[Kâ€™ was not declared in this scope
     if( set_mode_client.call(offb_set_mode) &&
[01;32m[K         ^[m[K
make[2]: *** [CMakeFiles/velocity_test.dir/src/velocity_test.cpp.o] Error 1
make[1]: *** [CMakeFiles/velocity_test.dir/all] Error 2
make[1]: *** Waiting for unfinished jobs....
make: *** [all] Error 2
