[01m[K/home/joaquin/catkin_ws/src/second/src/cv_node2.cpp:[m[K In function â€˜[01m[Kint main()[m[Kâ€™:
[01m[K/home/joaquin/catkin_ws/src/second/src/cv_node2.cpp:19:2:[m[K [01;31m[Kerror: [m[Kâ€˜[01m[KDetector[m[Kâ€™ was not declared in this scope
  Detector.setDictionary(dictionary);
[01;32m[K  ^[m[K
[01m[K/home/joaquin/catkin_ws/src/second/src/cv_node2.cpp:24:2:[m[K [01;31m[Kerror: [m[Kâ€˜[01m[Kcv::aruco::drawDetectedMarkers[m[Kâ€™ is not a class member
  aruco::drawDetectedMarkers(inputImage, markerCorners, markerIds);
[01;32m[K  ^[m[K
[01m[K/home/joaquin/catkin_ws/src/second/src/cv_node2.cpp:27:35:[m[K [01;31m[Kerror: [m[Kâ€˜[01m[Kcorners[m[Kâ€™ was not declared in this scope
  aruco::estimatePoseSingleMarkers(corners, 0.05, cameraMatrix, distCoeffs, rvecs, tvecs);
[01;32m[K                                   ^[m[K
[01m[K/home/joaquin/catkin_ws/src/second/src/cv_node2.cpp:27:50:[m[K [01;31m[Kerror: [m[Kâ€˜[01m[KcameraMatrix[m[Kâ€™ was not declared in this scope
  aruco::estimatePoseSingleMarkers(corners, 0.05, cameraMatrix, distCoeffs, rvecs, tvecs);
[01;32m[K                                                  ^[m[K
[01m[K/home/joaquin/catkin_ws/src/second/src/cv_node2.cpp:27:64:[m[K [01;31m[Kerror: [m[Kâ€˜[01m[KdistCoeffs[m[Kâ€™ was not declared in this scope
  aruco::estimatePoseSingleMarkers(corners, 0.05, cameraMatrix, distCoeffs, rvecs, tvecs);
[01;32m[K                                                                ^[m[K
make[2]: *** [CMakeFiles/cv_node2.dir/src/cv_node2.cpp.o] Error 1
make[1]: *** [CMakeFiles/cv_node2.dir/all] Error 2
make: *** [all] Error 2
