[01m[K/home/joaquin/catkin_ws/src/second/src/image_converter4.cpp:[m[K In member function â€˜[01m[Kvoid ImageConverter::imageCb(const ImageConstPtr&)[m[Kâ€™:
[01m[K/home/joaquin/catkin_ws/src/second/src/image_converter4.cpp:82:37:[m[K [01;31m[Kerror: [m[Kâ€˜[01m[KRodrigues[m[Kâ€™ was not declared in this scope
       Rodrigues(rvecs.at(0), rot_mat);
[01;32m[K                                     ^[m[K
[01m[K/home/joaquin/catkin_ws/src/second/src/image_converter4.cpp:89:14:[m[K [01;31m[Kerror: [m[Kmissing template arguments before â€˜[01m[K.[m[Kâ€™ token
         array.data.push_back(xx.at<float>(i,0));
[01;32m[K              ^[m[K
[01m[K/home/joaquin/catkin_ws/src/second/src/image_converter4.cpp:91:24:[m[K [01;31m[Kerror: [m[Kmissing template arguments before â€˜[01m[K)[m[Kâ€™ token
       pub.publish(array);
[01;32m[K                        ^[m[K
make[2]: *** [CMakeFiles/image_converter4.dir/src/image_converter4.cpp.o] Error 1
make[1]: *** [CMakeFiles/image_converter4.dir/all] Error 2
make[1]: *** Waiting for unfinished jobs....
make: *** [all] Error 2
