[01m[K/home/joaquin/catkin_ws/src/second/src/velocity_test.cpp:[m[K In member function â€˜[01m[Kvoid Vel::update()[m[Kâ€™:
[01m[K/home/joaquin/catkin_ws/src/second/src/velocity_test.cpp:27:3:[m[K [01;31m[Kerror: [m[Kâ€˜[01m[Kvel_pub[m[Kâ€™ was not declared in this scope
   vel_pub.publish(vel_msg);
[01;32m[K   ^[m[K
make[2]: *** [CMakeFiles/velocity_test.dir/src/velocity_test.cpp.o] Error 1
make[1]: *** [CMakeFiles/velocity_test.dir/all] Error 2
make: *** [all] Error 2
