[  0%] Built target geometry_msgs_generate_messages_cpp
[  0%] Built target rosgraph_msgs_generate_messages_eus
[  0%] Built target rosgraph_msgs_generate_messages_py
[  0%] Built target rosgraph_msgs_generate_messages_lisp
[  0%] Built target std_msgs_generate_messages_eus
[  0%] Built target roscpp_generate_messages_lisp
[  0%] Built target roscpp_generate_messages_eus
[  0%] Built target geometry_msgs_generate_messages_nodejs
[  0%] Built target rosgraph_msgs_generate_messages_cpp
[  0%] Built target std_msgs_generate_messages_lisp
[  0%] Built target roscpp_generate_messages_cpp
[  0%] Built target geometry_msgs_generate_messages_lisp
[  0%] Built target sensor_msgs_generate_messages_nodejs
[  0%] Built target std_msgs_generate_messages_nodejs
[  0%] Built target geometry_msgs_generate_messages_py
[  0%] Built target sensor_msgs_generate_messages_cpp
[  0%] Built target rosgraph_msgs_generate_messages_nodejs
[  0%] Built target sensor_msgs_generate_messages_eus
[  0%] Built target std_msgs_generate_messages_cpp
[  0%] Built target sensor_msgs_generate_messages_py
[  0%] Built target sensor_msgs_generate_messages_lisp
[  0%] Built target geometry_msgs_generate_messages_eus
[  0%] Built target roscpp_generate_messages_nodejs
[  0%] Built target roscpp_generate_messages_py
[  0%] Built target std_msgs_generate_messages_py
[  9%] Built target cv_node2
[ 18%] Built target mavros1
[ 27%] Built target node0
[ 36%] Built target cv_node
[ 45%] Built target cv_node3
[35m[1mScanning dependencies of target image_aruco_test[0m
[ 54%] Built target image_converter3
[ 63%] Built target image_converter4
[ 72%] Built target controller
[ 77%] [32mBuilding CXX object CMakeFiles/image_aruco_test.dir/src/image_aruco_test.cpp.o[0m
[ 86%] Built target velocity_test
[ 95%] Built target test_control
[01m[K/home/joaquin/catkin_ws/src/second/src/image_aruco_test.cpp:[m[K In member function â€˜[01m[Kvoid ImageConverter::imageCb(const ImageConstPtr&)[m[Kâ€™:
[01m[K/home/joaquin/catkin_ws/src/second/src/image_aruco_test.cpp:75:1:[m[K [01;31m[Kerror: [m[Kâ€˜[01m[Kr[m[Kâ€™ was not declared in this scope
 r
[01;32m[K ^[m[K
CMakeFiles/image_aruco_test.dir/build.make:62: recipe for target 'CMakeFiles/image_aruco_test.dir/src/image_aruco_test.cpp.o' failed
make[2]: *** [CMakeFiles/image_aruco_test.dir/src/image_aruco_test.cpp.o] Error 1
CMakeFiles/Makefile2:1353: recipe for target 'CMakeFiles/image_aruco_test.dir/all' failed
make[1]: *** [CMakeFiles/image_aruco_test.dir/all] Error 2
Makefile:138: recipe for target 'all' failed
make: *** [all] Error 2
