[01m[K/home/joaquin/catkin_ws/src/second/src/node0.cpp:[m[K In function â€˜[01m[Kvoid t_callback(const ConstPtr&)[m[Kâ€™:
[01m[K/home/joaquin/catkin_ws/src/second/src/node0.cpp:27:9:[m[K [01;31m[Kerror: [m[Kâ€˜[01m[Kmsg_vel[m[Kâ€™ was not declared in this scope
         msg_vel.twist.linear.x = 0.3;
[01;32m[K         ^[m[K
[01m[K/home/joaquin/catkin_ws/src/second/src/mavros1.cpp:24:95:[m[K [01;31m[Kerror: [m[Kinvalid use of non-static member function
     ros::Subscriber t_sub = nh2.subscribe<std_msgs::Float32MultiArray>("array", 10, t_callback);
[01;32m[K                                                                                               ^[m[K
make[2]: *** [CMakeFiles/mavros1.dir/src/mavros1.cpp.o] Error 1
make[1]: *** [CMakeFiles/mavros1.dir/all] Error 2
make[1]: *** Waiting for unfinished jobs....
make[2]: *** [CMakeFiles/node0.dir/src/node0.cpp.o] Error 1
make[1]: *** [CMakeFiles/node0.dir/all] Error 2
make: *** [all] Error 2
