[01m[K/home/joaquin/catkin_ws/src/pid/src/setpoint_node.cpp:[m[K In function â€˜[01m[Kint main(int, char**)[m[Kâ€™:
[01m[K/home/joaquin/catkin_ws/src/pid/src/setpoint_node.cpp:53:57:[m[K [01;31m[Kerror: [m[Kâ€˜[01m[KFloat64[m[Kâ€™ is not a member of â€˜[01m[Kstd_msgs[m[Kâ€™
   ros::Publisher setpoint_pub = setpoint_node.advertise<std_msgs::Float64>("setpoint", 1);
[01;32m[K                                                         ^[m[K
[01m[K/home/joaquin/catkin_ws/src/pid/src/setpoint_node.cpp:53:57:[m[K [01;31m[Kerror: [m[Kâ€˜[01m[KFloat64[m[Kâ€™ is not a member of â€˜[01m[Kstd_msgs[m[Kâ€™
[01m[K/home/joaquin/catkin_ws/src/pid/src/setpoint_node.cpp:53:89:[m[K [01;31m[Kerror: [m[Kno matching function for call to â€˜[01m[Kros::NodeHandle::advertise(const char [9], int)[m[Kâ€™
   ros::Publisher setpoint_pub = setpoint_node.advertise<std_msgs::Float64>("setpoint", 1);
[01;32m[K                                                                                         ^[m[K
In file included from [01m[K/opt/ros/kinetic/include/ros/ros.h:45:0[m[K,
                 from [01m[K/home/joaquin/catkin_ws/src/pid/src/setpoint_node.cpp:36[m[K:
[01m[K/opt/ros/kinetic/include/ros/node_handle.h:248:15:[m[K [01;36m[Knote: [m[Kcandidate: template<class M> ros::Publisher ros::NodeHandle::advertise(const string&, uint32_t, bool)
     Publisher advertise(const std::string& topic, uint32_t queue_size, bool latch = false)
[01;32m[K               ^[m[K
[01m[K/opt/ros/kinetic/include/ros/node_handle.h:248:15:[m[K [01;36m[Knote: [m[K  template argument deduction/substitution failed:
[01m[K/home/joaquin/catkin_ws/src/pid/src/setpoint_node.cpp:53:89:[m[K [01;31m[Kerror: [m[Ktemplate argument 1 is invalid
   ros::Publisher setpoint_pub = setpoint_node.advertise<std_msgs::Float64>("setpoint", 1);
[01;32m[K                                                                                         ^[m[K
In file included from [01m[K/opt/ros/kinetic/include/ros/ros.h:45:0[m[K,
                 from [01m[K/home/joaquin/catkin_ws/src/pid/src/setpoint_node.cpp:36[m[K:
[01m[K/opt/ros/kinetic/include/ros/node_handle.h:314:13:[m[K [01;36m[Knote: [m[Kcandidate: template<class M> ros::Publisher ros::NodeHandle::advertise(const string&, uint32_t, const SubscriberStatusCallback&, const SubscriberStatusCallback&, const VoidConstPtr&, bool)
   Publisher advertise(const std::string& topic, uint32_t queue_size,
[01;32m[K             ^[m[K
[01m[K/opt/ros/kinetic/include/ros/node_handle.h:314:13:[m[K [01;36m[Knote: [m[K  template argument deduction/substitution failed:
[01m[K/home/joaquin/catkin_ws/src/pid/src/setpoint_node.cpp:53:89:[m[K [01;31m[Kerror: [m[Ktemplate argument 1 is invalid
   ros::Publisher setpoint_pub = setpoint_node.advertise<std_msgs::Float64>("setpoint", 1);
[01;32m[K                                                                                         ^[m[K
make[2]: *** [CMakeFiles/setpoint_node.dir/src/setpoint_node.cpp.o] Error 1
make[1]: *** [CMakeFiles/setpoint_node.dir/all] Error 2
make: *** [all] Error 2
